[E 19:16:45 7264] CodeQL C/C++ Extractor 2.20.4
[E 19:16:45 7264] Current directory: /home/daniel/workspace/thesis/build/navigator
[E 19:16:45 7264] Command: /home/daniel/Downloads/codeql-linux64/codeql/cpp/tools/linux64/extractor --mimic /usr/lib/gcc/x86_64-linux-gnu/11/cc1plus -quiet -I /home/daniel/workspace/thesis/src/fod4wind_sdu-develop-sw-sdu-navigator/sw/sdu/navigator/include -I /home/daniel/workspace/thesis/install/smacc2/include -I /home/daniel/workspace/thesis/install/sr_all_events_go/include -imultiarch x86_64-linux-gnu -MD CMakeFiles/navigator_node.dir/src/navigator/DataStore.cpp.d -MF CMakeFiles/navigator_node.dir/src/navigator/DataStore.cpp.o.d -MT CMakeFiles/navigator_node.dir/src/navigator/DataStore.cpp.o -D_GNU_SOURCE -D BOOST_ALL_NO_LIB -D BOOST_ATOMIC_DYN_LINK -D BOOST_THREAD_DYN_LINK -D DEFAULT_RMW_IMPLEMENTATION=rmw_fastrtps_cpp -D RCUTILS_ENABLE_FAULT_INJECTION -D NDEBUG -isystem /opt/ros/humble/include/rclcpp -isystem /home/daniel/workspace/thesis/install/smacc2_msgs/include/smacc2_msgs -isystem /opt/ros/humble/include/rclcpp_action -isystem /opt/ros/humble/include/tracetools -isystem /home/daniel/workspace/thesis/install/interfaces/include/interfaces -isystem /home/daniel/workspace/thesis/install/inspection_interfaces/include/inspection_interfaces -isystem /home/daniel/workspace/thesis/install/cv_interfaces/include/cv_interfaces -isystem /opt/ros/humble/include/visualization_msgs -isystem /opt/ros/humble/include/mavros_msgs -isystem /opt/ros/humble/include/sensor_msgs -isystem /opt/ros/humble/include/tf2 -isystem /opt/ros/humble/include/tf2_geometry_msgs -isystem /opt/ros/humble/include/rosidl_typesupport_c -isystem /opt/ros/humble/include/rosidl_runtime_c -isystem /opt/ros/humble/include/rcutils -isystem /opt/ros/humble/include/rosidl_typesupport_interface -isystem /opt/ros/humble/include/libyaml_vendor -isystem /opt/ros/humble/include/rosidl_typesupport_fastrtps_c -isystem /opt/ros/humble/include/fastcdr -isystem /opt/ros/humble/include/rmw -isystem /opt/ros/humble/include/rosidl_typesupport_fastrtps_cpp -isystem /opt/ros/humble/include/rosidl_typesupport_introspection_c -isystem /opt/ros/humble/include/rosidl_typesupport_introspection_cpp -isystem /opt/ros/humble/include/rosidl_runtime_cpp -isystem /opt/ros/humble/include/ament_index_cpp -isystem /opt/ros/humble/include/libstatistics_collector -isystem /opt/ros/humble/include/builtin_interfaces -isystem /opt/ros/humble/include/rcl -isystem /opt/ros/humble/include/rcl_interfaces -isystem /opt/ros/humble/include/rcl_logging_interface -isystem /opt/ros/humble/include/rcl_yaml_param_parser -isystem /opt/ros/humble/include/rcpputils -isystem /opt/ros/humble/include/statistics_msgs -isystem /opt/ros/humble/include/rosgraph_msgs -isystem /opt/ros/humble/include/rosidl_typesupport_cpp -isystem /opt/ros/humble/include/action_msgs -isystem /opt/ros/humble/include/unique_identifier_msgs -isystem /opt/ros/humble/include/std_msgs -isystem /opt/ros/humble/include/rcl_action -isystem /opt/ros/humble/include/geometry_msgs -isystem /opt/ros/humble/include/geographic_msgs -isystem /usr/include/eigen3 -isystem /opt/ros/humble/include/tf2_ros -isystem /opt/ros/humble/include/message_filters -isystem /opt/ros/humble/include/tf2_msgs /home/daniel/workspace/thesis/src/fod4wind_sdu-develop-sw-sdu-navigator/sw/sdu/navigator/src/navigator/DataStore.cpp -quiet -dumpdir CMakeFiles/navigator_node.dir/src/navigator/ -dumpbase DataStore.cpp.cpp -dumpbase-ext .cpp -mtune=generic -march=x86-64 -O3 -Wall -Wextra -Wpedantic '-std=gnu++20' -fasynchronous-unwind-tables -fstack-protector-strong -Wformat-security -fstack-clash-protection -fcf-protection -o /tmp/ccfxZwD8.s
[E 19:16:45 7264] Checking whether C compilation already happened.
[E 19:16:45 7264] Checking for tag c-compilation-happened
[E 19:16:45 7264] Checking CODEQL_TRACER_DB_ID 0000000000001C5A_0000000000000001
[E 19:16:45 7264] Locking DB /home/daniel/workspace/thesis/fod4wind_db/working/tags.db
[E 19:16:45 7264] Locked DB /home/daniel/workspace/thesis/fod4wind_db/working/tags.db
[E 19:16:45 7264] Unlocking DB
[E 19:16:45 7264] Unlocked DB
[E 19:16:45 7264] Looks like C compilation didn't already happen.
[E 19:16:45 7264] Checking whether C compilation has been attempted.
[E 19:16:45 7264] Checking for tag c-compilation-attempted
[E 19:16:45 7264] Checking CODEQL_TRACER_DB_ID 0000000000001C5A_0000000000000001
[E 19:16:45 7264] Locking DB /home/daniel/workspace/thesis/fod4wind_db/working/tags.db
[E 19:16:45 7264] Locked DB /home/daniel/workspace/thesis/fod4wind_db/working/tags.db
[E 19:16:45 7264] Unlocking DB
[E 19:16:45 7264] Unlocked DB
[E 19:16:45 7264] Marking C compilation as attempted.
[E 19:16:45 7264] Setting tag c-compilation-attempted
[E 19:16:45 7264] Starting from CODEQL_TRACER_DB_ID 0000000000001C5A_0000000000000001
[E 19:16:45 7264] Locking DB /home/daniel/workspace/thesis/fod4wind_db/working/tags.db
[E 19:16:45 7264] Locked DB /home/daniel/workspace/thesis/fod4wind_db/working/tags.db
[E 19:16:45 7264] Set tag for 0000000000001C5A_0000000000000001
[E 19:16:45 7264] Set tag for 0000000000001C58_0000000000000001
[E 19:16:45 7264] Set tag for 0000000000001C53_0000000000000001
[E 19:16:45 7264] Set tag for 0000000000001C4F_0000000000000001
[E 19:16:45 7264] Set tag for 0000000000001C4C_0000000000000001
[E 19:16:45 7264] Set tag for 0000000000001C4A_0000000000000001
[E 19:16:45 7264] Set tag for 0000000000001C27_0000000000000003
[E 19:16:45 7264] Set tag for 0000000000001C27_0000000000000002
[E 19:16:45 7264] Set tag for root
[E 19:16:45 7264] Unlocking DB
[E 19:16:45 7264] Unlocked DB
[E 19:16:46 7264] Processed command line: /home/daniel/Downloads/codeql-linux64/codeql/cpp/tools/linux64/extractor --trapfolder /home/daniel/workspace/thesis/fod4wind_db/trap/cpp --src_archive /home/daniel/workspace/thesis/fod4wind_db/src --object_filename /tmp/ccfxZwD8.s --no_warnings_and_discretionary_errors --error_limit 1000 --disable_system_macros --variadic_macros --incognito '--c++20' '--g++' --gnu_version 110400 --target linux_x86_64 -D__SSP_STRONG__=3 '-D__DBL_MIN_EXP__=(-1021)' -D__cpp_attributes=200809L -D__cpp_nontype_template_parameter_auto=201606L -D__UINT_LEAST16_MAX__=0xffff -D__ATOMIC_ACQUIRE=2 -D__FLT128_MAX_10_EXP__=4932 -D__FLT_MIN__=1.17549435082228750796873653722224568e-38F -D__GCC_IEC_559_COMPLEX=2 -D__cpp_aggregate_nsdmi=201304L '-D__UINT_LEAST8_TYPE__=unsigned char' -D__SIZEOF_FLOAT80__=16 -D__cpp_impl_three_way_comparison=201907L '-D__INTMAX_C(c)=c ## L' -D__CHAR_BIT__=8 -D__cpp_designated_initializers=201707L -D__UINT8_MAX__=0xff -D__SCHAR_WIDTH__=8 -D__WINT_MAX__=0xffffffffU '-D__FLT32_MIN_EXP__=(-125)' -D__cpp_static_assert=201411L -D__ORDER_LITTLE_ENDIAN__=1234 -D__SIZE_MAX__=0xffffffffffffffffUL -D__WCHAR_MAX__=0x7fffffff -D__GCC_HAVE_SYNC_COMPARE_AND_SWAP_1=1 -D__GCC_HAVE_SYNC_COMPARE_AND_SWAP_2=1 -D__GCC_HAVE_SYNC_COMPARE_AND_SWAP_4=1 '-D__DBL_DENORM_MIN__=double(4.94065645841246544176568792868221372e-324L)' -D__GCC_HAVE_SYNC_COMPARE_AND_SWAP_8=1 -D__GCC_ATOMIC_CHAR_LOCK_FREE=2 -D__GCC_IEC_559=2 -D__FLT32X_DECIMAL_DIG__=17 -D__FLT_EVAL_METHOD__=0 -D__cpp_binary_literals=201304L -D__FLT64_DECIMAL_DIG__=17 -D__CET__=3 -D__cpp_noexcept_function_type=201510L -D__GCC_ATOMIC_CHAR32_T_LOCK_FREE=2 -D__cpp_variadic_templates=200704L -D__UINT_FAST64_MAX__=0xffffffffffffffffUL -D__SIG_ATOMIC_TYPE__=int '-D__DBL_MIN_10_EXP__=(-307)' -D__FINITE_MATH_ONLY__=0 -D__cpp_variable_templates=201304L -D__FLT32X_MAX_EXP__=1024 -D__FLT32_HAS_DENORM__=1 -D__UINT_FAST8_MAX__=0xff -D__cpp_rvalue_reference=200610L -D__cpp_nested_namespace_definitions=201411L -D__DEC64_MAX_EXP__=385 '-D__INT8_C(c)=c' -D__INT_LEAST8_WIDTH__=8 -D__cpp_variadic_using=201611L -D__UINT_LEAST64_MAX__=0xffffffffffffffffUL -D__INT_LEAST8_MAX__=0x7f -D__cpp_capture_star_this=201603L -D__SHRT_MAX__=0x7fff '-D__LDBL_MAX__=1.18973149535723176502126385303097021e+4932L' -D__cpp_impl_coroutine=201902L -D__FLT64X_MAX_10_EXP__=4932 -D__cpp_if_constexpr=201606L -D__LDBL_IS_IEC_60559__=2 -D__FLT64X_HAS_QUIET_NAN__=1 -D__UINT_LEAST8_MAX__=0xff -D__GCC_ATOMIC_BOOL_LOCK_FREE=2 -D__FLT128_DENORM_MIN__=6.47517511943802511092443895822764655e-4966F128 '-D__UINTMAX_TYPE__=long unsigned int' -D__linux=1 -D__DEC32_EPSILON__=1E-6DF -D__FLT_EVAL_METHOD_TS_18661_3__=0 -D__OPTIMIZE__=1 -D__unix=1 -D__UINT32_MAX__=0xffffffffU -D__GXX_EXPERIMENTAL_CXX0X__=1 '-D__FLT128_MIN_EXP__=(-16381)' -D__WINT_MIN__=0U '-D__FLT128_MIN_10_EXP__=(-4931)' -D__FLT32X_IS_IEC_60559__=2 -D__INT_LEAST16_WIDTH__=16 -D__SCHAR_MAX__=0x7f -D__FLT128_MANT_DIG__=113 '-D__WCHAR_MIN__=(-__WCHAR_MAX__ - 1)' '-D__INT64_C(c)=c ## L' -D__cpp_impl_destroying_delete=201806L -D__GCC_ATOMIC_POINTER_LOCK_FREE=2 -D_FORTIFY_SOURCE=2 -D__FLT32X_MANT_DIG__=53 -D__GCC_ATOMIC_CHAR16_T_LOCK_FREE=2 -D__cpp_aligned_new=201606L -D__USER_LABEL_PREFIX__= -D__FLT32_MAX_10_EXP__=38 -D__FLT64X_EPSILON__=1.08420217248550443400745280086994171e-19F64x '-D__DEC64_MIN_EXP__=(-382)' -D__cpp_decltype_auto=201304L -D__DBL_DIG__=15 -D__FLT32_DIG__=6 -D__FLT_EPSILON__=1.19209289550781250000000000000000000e-7F -D__cpp_char8_t=201811L -D__GXX_WEAK__=1 -D__SHRT_WIDTH__=16 -D__FLT32_IS_IEC_60559__=2 -D__LDBL_MIN__=3.36210314311209350626267781732175260e-4932L -D__DBL_IS_IEC_60559__=2 -D__DEC32_MAX__=9.999999E96DF '-D__CHAR8_TYPE__=unsigned char' -D__cpp_threadsafe_static_init=200806L -D__cpp_enumerator_attributes=201411L -D__FLT64X_DENORM_MIN__=3.64519953188247460252840593361941982e-4951F64x -D__FLT32X_HAS_INFINITY__=1 -D__INT32_MAX__=0x7fffffff -D__unix__=1 -D__INT_WIDTH__=32 -D__SIZEOF_LONG__=8 -D__STDC_IEC_559__=1 -D__STDC_ISO_10646__=201706L '-D__UINT16_C(c)=c' -D__DECIMAL_DIG__=21 -D__STDC_IEC_559_COMPLEX__=1 -D__FLT64_EPSILON__=2.22044604925031308084726333618164062e-16F64 -D__gnu_linux__=1 -D__INT16_MAX__=0x7fff '-D__FLT64_MIN_EXP__=(-1021)' -D__cpp_using_enum=201907L '-D__FLT64X_MIN_10_EXP__=(-4931)' -D__LDBL_HAS_QUIET_NAN__=1 -D__FLT64_MANT_DIG__=53 -D__cpp_consteval=201811L -D__FLT64X_MANT_DIG__=64 -D__GXX_RTTI=1 -D__pie__=2 -D__MMX__=1 -D__FLT_HAS_DENORM__=1 -D__SIZEOF_LONG_DOUBLE__=16 -D__BIGGEST_ALIGNMENT__=16 -D__STDC_UTF_16__=1 -D__FLT64_MAX_10_EXP__=308 -D__cpp_delegating_constructors=200604L -D__FLT32_HAS_INFINITY__=1 '-D__DBL_MAX__=double(1.79769313486231570814527423731704357e+308L)' -D__cpp_raw_strings=200710L -D__INT_FAST32_MAX__=0x7fffffffffffffffL -D__DBL_HAS_INFINITY__=1 -D__SIZEOF_FLOAT__=4 -D__HAVE_SPECULATION_SAFE_VALUE=1 -D__cpp_fold_expressions=201603L '-D__DEC32_MIN_EXP__=(-94)' -D__INTPTR_WIDTH__=64 -D__FLT64X_HAS_INFINITY__=1 -D__UINT_LEAST32_MAX__=0xffffffffU -D__FLT32X_HAS_DENORM__=1 '-D__INT_FAST16_TYPE__=long int' -D__MMX_WITH_SSE__=1 -D__LDBL_HAS_DENORM__=1 -D__cpp_ref_qualifiers=200710L -D__DEC32_MIN__=1E-95DF -D__DEPRECATED=1 -D__cpp_rvalue_references=200610L -D__DBL_MAX_EXP__=1024 -D__WCHAR_WIDTH__=32 '-D__FLT32_MAX__=3.40282346638528859811704183484516925e+38F32' -D__DEC128_EPSILON__=1E-33DL -D__SSE2_MATH__=1 -D__ATOMIC_HLE_RELEASE=131072 -D__PTRDIFF_MAX__=0x7fffffffffffffffL -D__amd64=1 -D__ATOMIC_HLE_ACQUIRE=65536 -D__LONG_LONG_MAX__=0x7fffffffffffffffLL -D__SIZEOF_SIZE_T__=8 -D__cpp_nsdmi=200809L '-D__FLT64X_MIN_EXP__=(-16381)' -D__SIZEOF_WINT_T__=4 -D__LONG_LONG_WIDTH__=64 -D__cpp_initializer_lists=200806L -D__FLT32_MAX_EXP__=128 -D__cpp_hex_float=201603L -D__GXX_ABI_VERSION=1016 -D__FLT128_HAS_INFINITY__=1 '-D__FLT_MIN_EXP__=(-125)' -D__GCC_HAVE_DWARF2_CFI_ASM=1 -D__x86_64=1 -D__cpp_lambdas=200907L '-D__INT_FAST64_TYPE__=long int' -D__FLT64_DENORM_MIN__=4.94065645841246544176568792868221372e-324F64 -D__cpp_template_auto=201606L '-D__DBL_MIN__=double(2.22507385850720138309023271733240406e-308L)' -D__FLT128_EPSILON__=1.92592994438723585305597794258492732e-34F128 '-D__FLT64X_NORM_MAX__=1.18973149535723176502126385303097021e+4932F64x' -D__SIZEOF_POINTER__=8 -D__LP64__=1 -D__DBL_HAS_QUIET_NAN__=1 -D__FLT32X_EPSILON__=2.22044604925031308084726333618164062e-16F32x -D__DECIMAL_BID_FORMAT__=1 '-D__FLT64_MIN_10_EXP__=(-307)' -D__FLT64X_DECIMAL_DIG__=21 -D__DEC128_MIN__=1E-6143DL -D__REGISTER_PREFIX__= -D__UINT16_MAX__=0xffff -D__LDBL_HAS_INFINITY__=1 -D__FLT32_MIN__=1.17549435082228750796873653722224568e-38F32 '-D__UINT8_TYPE__=unsigned char' -D__FLT_DIG__=6 -D__DEC_EVAL_METHOD__=2 -D__DEC128_MAX__=9.999999999999999999999999999999999E6144DL -D__FLT_MANT_DIG__=24 -D__LDBL_DECIMAL_DIG__=21 '-D__UINT64_C(c)=c ## UL' -D__cpp_unicode_characters=201411L -D_STDC_PREDEF_H=1 -D__INT_LEAST32_MAX__=0x7fffffff -D__GCC_ATOMIC_INT_LOCK_FREE=2 -D__FLT128_MAX_EXP__=16384 -D__cpp_conditional_explicit=201806L -D__FLT32_MANT_DIG__=24 -D__FLOAT_WORD_ORDER__=__ORDER_LITTLE_ENDIAN__ -D__cpp_aggregate_paren_init=201902L -D__STDC_IEC_60559_COMPLEX__=201404L -D__cpp_aggregate_bases=201603L -D__FLT128_HAS_DENORM__=1 -D__FLT32_DECIMAL_DIG__=9 -D__FLT128_DIG__=33 '-D__INT32_C(c)=c' -D__DEC64_EPSILON__=1E-15DD -D__ORDER_PDP_ENDIAN__=3412 '-D__DEC128_MIN_EXP__=(-6142)' -D__cpp_constinit=201907L '-D__INT_FAST32_TYPE__=long int' '-D__UINT_LEAST16_TYPE__=short unsigned int' -Dunix=1 -D__DBL_HAS_DENORM__=1 -D__cpp_rtti=199711L '-D__SIZE_TYPE__=long unsigned int' -D__UINT64_MAX__=0xffffffffffffffffUL -D__FLT_IS_IEC_60559__=2 '-D__GNUC_WIDE_EXECUTION_CHARSET_NAME="UTF-32LE"' -D__FLT64X_DIG__=18 '-D__INT8_TYPE__=signed char' -D__cpp_digit_separators=201309L -D__ELF__=1 -D__GCC_ASM_FLAG_OUTPUTS__=1 '-D__UINT32_TYPE__=unsigned int' -D__FLT_RADIX__=2 '-D__INT_LEAST16_TYPE__=short int' -D__LDBL_EPSILON__=1.08420217248550443400745280086994171e-19L '-D__UINTMAX_C(c)=c ## UL' -D__GLIBCXX_BITSIZE_INT_N_0=128 -D__k8=1 -D__FLT32X_MIN__=2.22507385850720138309023271733240406e-308F32x -D__SIG_ATOMIC_MAX__=0x7fffffff -D__GCC_ATOMIC_WCHAR_T_LOCK_FREE=2 -D__STDC_IEC_60559_BFP__=201404L -D__SIZEOF_PTRDIFF_T__=8 -D__LDBL_DIG__=18 -D__FLT64_IS_IEC_60559__=2 -D__x86_64__=1 '-D__FLT32X_MIN_EXP__=(-1021)' -D__DEC32_SUBNORMAL_MIN__=0.000001E-95DF -D__INT_FAST16_MAX__=0x7fffffffffffffffL -D__FLT64_DIG__=15 -D__UINT_FAST32_MAX__=0xffffffffffffffffUL '-D__UINT_LEAST64_TYPE__=long unsigned int' -D__FLT_HAS_QUIET_NAN__=1 -D__FLT_MAX_10_EXP__=38 -D__LONG_MAX__=0x7fffffffffffffffL -D__FLT64X_HAS_DENORM__=1 -D__DEC128_SUBNORMAL_MIN__=0.000000000000000000000000000000001E-6143DL -D__FLT_HAS_INFINITY__=1 '-D__GNUC_EXECUTION_CHARSET_NAME="UTF-8"' -D__cpp_unicode_literals=200710L '-D__UINT_FAST16_TYPE__=long unsigned int' -D__DEC64_MAX__=9.999999999999999E384DD -D__INT_FAST32_WIDTH__=64 -D__PRAGMA_REDEFINE_EXTNAME=1 -D__SIZE_WIDTH__=64 -D__SEG_FS=1 -D__INT_LEAST16_MAX__=0x7fff -D__DEC64_MANT_DIG__=16 -D__INT64_MAX__=0x7fffffffffffffffL -D__SEG_GS=1 -D__FLT32_DENORM_MIN__=1.40129846432481707092372958328991613e-45F32 -D__SIG_ATOMIC_WIDTH__=32 '-D__INT_LEAST64_TYPE__=long int' '-D__INT16_TYPE__=short int' '-D__INT_LEAST8_TYPE__=signed char' -D__cpp_structured_bindings=201606L -D__SIZEOF_INT__=4 -D__DEC32_MAX_EXP__=97 -D__INT_FAST8_MAX__=0x7f '-D__FLT128_MAX__=1.18973149535723176508575932662800702e+4932F128' -D__INTPTR_MAX__=0x7fffffffffffffffL -D__cpp_sized_deallocation=201309L -D__cpp_guaranteed_copy_elision=201606L -Dlinux=1 -D__FLT64_HAS_QUIET_NAN__=1 '-D__FLT32_MIN_10_EXP__=(-37)' -D__EXCEPTIONS=1 -D__PTRDIFF_WIDTH__=64 -D__LDBL_MANT_DIG__=64 -D__cpp_range_based_for=201603L -D__FLT64_HAS_INFINITY__=1 '-D__FLT64X_MAX__=1.18973149535723176502126385303097021e+4932F64x' -D__STDCPP_DEFAULT_NEW_ALIGNMENT__=16 '-D__SIG_ATOMIC_MIN__=(-__SIG_ATOMIC_MAX__ - 1)' -D__code_model_small__=1 -D__GCC_ATOMIC_LONG_LOCK_FREE=2 -D__cpp_nontype_template_args=201911L -D__DEC32_MANT_DIG__=7 -D__cpp_return_type_deduction=201304L -D__k8__=1 '-D__INTPTR_TYPE__=long int' '-D__UINT16_TYPE__=short unsigned int' -D__WCHAR_TYPE__=int -D__pic__=2 -D__UINTPTR_MAX__=0xffffffffffffffffUL -D__INT_FAST64_WIDTH__=64 -D__cpp_nontype_template_parameter_class=201806L -D__cpp_concepts=201907L -D__cpp_decltype=200707L -D__INT_FAST64_MAX__=0x7fffffffffffffffL -D__GCC_ATOMIC_TEST_AND_SET_TRUEVAL=1 '-D__FLT_NORM_MAX__=3.40282346638528859811704183484516925e+38F' -D__FLT64X_MAX_EXP__=16384 '-D__UINT_FAST64_TYPE__=long unsigned int' -D__cpp_constexpr_in_decltype=201711L -D__cpp_inline_variables=201606L -D__INT_MAX__=0x7fffffff -D__linux__=1 '-D__INT64_TYPE__=long int' -D__FLT_MAX_EXP__=128 -D__ORDER_BIG_ENDIAN__=4321 -D__DBL_MANT_DIG__=53 -D__cpp_inheriting_constructors=201511L -D__SIZEOF_FLOAT128__=16 -D__INT_LEAST64_MAX__=0x7fffffffffffffffL -D__DEC64_MIN__=1E-383DD '-D__WINT_TYPE__=unsigned int' '-D__UINT_LEAST32_TYPE__=unsigned int' -D__SIZEOF_SHORT__=2 '-D__FLT32_NORM_MAX__=3.40282346638528859811704183484516925e+38F32' -D__SSE__=1 '-D__LDBL_MIN_EXP__=(-16381)' '-D__FLT64_MAX__=1.79769313486231570814527423731704357e+308F64' -D__amd64__=1 -D__WINT_WIDTH__=32 -D__INT_LEAST64_WIDTH__=64 -D__LDBL_MAX_EXP__=16384 -D__FLT32X_MAX_10_EXP__=308 -D__SIZEOF_INT128__=16 -D__FLT64X_IS_IEC_60559__=2 -D__LDBL_MAX_10_EXP__=4932 -D__ATOMIC_RELAXED=0 '-D__DBL_EPSILON__=double(2.22044604925031308084726333618164062e-16L)' -D__FLT128_MIN__=3.36210314311209350626267781732175260e-4932F128 -D_LP64=1 '-D__UINT8_C(c)=c' -D__FLT64_MAX_EXP__=1024 -D__INT_LEAST32_TYPE__=int -D__SIZEOF_WCHAR_T__=4 '-D__FLT128_NORM_MAX__=1.18973149535723176508575932662800702e+4932F128' '-D__FLT64_NORM_MAX__=1.79769313486231570814527423731704357e+308F64' -D__FLT128_HAS_QUIET_NAN__=1 -D__INTMAX_MAX__=0x7fffffffffffffffL '-D__INT_FAST8_TYPE__=signed char' -D__cpp_namespace_attributes=201411L -D__FLT64X_MIN__=3.36210314311209350626267781732175260e-4932F64x -D__STDCPP_THREADS__=1 -D__FLT64_HAS_DENORM__=1 -D__FLT32_EPSILON__=1.19209289550781250000000000000000000e-7F32 -D__DBL_DECIMAL_DIG__=17 -D__STDC_UTF_32__=1 -D__INT_FAST8_WIDTH__=8 -D__FXSR__=1 '-D__FLT32X_MAX__=1.79769313486231570814527423731704357e+308F32x' '-D__DBL_NORM_MAX__=double(1.79769313486231570814527423731704357e+308L)' -D__BYTE_ORDER__=__ORDER_LITTLE_ENDIAN__ -D__INTMAX_WIDTH__=64 -D__cpp_runtime_arrays=198712L '-D__UINT64_TYPE__=long unsigned int' '-D__UINT32_C(c)=c ## U' -D__cpp_alias_templates=200704L -D__cpp_constexpr_dynamic_alloc=201907L -D__FLT_DENORM_MIN__=1.40129846432481707092372958328991613e-45F -D__FLT128_IS_IEC_60559__=2 -D__INT8_MAX__=0x7f -D__LONG_WIDTH__=64 -D__PIC__=2 '-D__UINT_FAST32_TYPE__=long unsigned int' '-D__FLT32X_NORM_MAX__=1.79769313486231570814527423731704357e+308F32x' '-D__FLT_MAX__=3.40282346638528859811704183484516925e+38F' -D__cpp_constexpr=201907L -D__SSE2__=1 -D__cpp_deduction_guides=201907L -D__INT32_TYPE__=int -D__SIZEOF_DOUBLE__=8 -D__cpp_exceptions=199711L '-D__FLT_MIN_10_EXP__=(-37)' -D__FLT64_MIN__=2.22507385850720138309023271733240406e-308F64 -D__INT_LEAST32_WIDTH__=32 '-D__INTMAX_TYPE__=long int' -D__DEC128_MAX_EXP__=6145 -D__FLT32X_HAS_QUIET_NAN__=1 -D__ATOMIC_CONSUME=1 -D__GLIBCXX_TYPE_INT_N_0=__int128 -D__INT_FAST16_WIDTH__=64 -D__UINTMAX_MAX__=0xffffffffffffffffUL -D__PIE__=2 -D__FLT32X_DENORM_MIN__=4.94065645841246544176568792868221372e-324F32x -D__cpp_template_template_args=201611L -D__DBL_MAX_10_EXP__=308 -D__LDBL_DENORM_MIN__=3.64519953188247460252840593361941982e-4951L -D__GCC_ATOMIC_CHAR8_T_LOCK_FREE=2 '-D__INT16_C(c)=c' -D__FLT32X_DIG__=15 '-D__PTRDIFF_TYPE__=long int' -D__ATOMIC_SEQ_CST=5 '-D__FLT32X_MIN_10_EXP__=(-307)' '-D__UINTPTR_TYPE__=long unsigned int' -D__DEC64_SUBNORMAL_MIN__=0.000000000000001E-383DD -D__DEC128_MANT_DIG__=34 '-D__LDBL_MIN_10_EXP__=(-4931)' -D__cpp_generic_lambdas=201707L -D__SSE_MATH__=1 -D__SIZEOF_LONG_LONG__=8 -D__cpp_user_defined_literals=200809L -D__FLT128_DECIMAL_DIG__=36 -D__GCC_ATOMIC_LLONG_LOCK_FREE=2 -D__FLT32_HAS_QUIET_NAN__=1 -D__FLT_DECIMAL_DIG__=9 -D__UINT_FAST16_MAX__=0xffffffffffffffffUL '-D__LDBL_NORM_MAX__=1.18973149535723176502126385303097021e+4932L' -D__GCC_ATOMIC_SHORT_LOCK_FREE=2 '-D__UINT_FAST8_TYPE__=unsigned char' -D__cpp_init_captures=201803L -D__ATOMIC_ACQ_REL=4 -D__ATOMIC_RELEASE=3 -I/home/daniel/workspace/thesis/src/fod4wind_sdu-develop-sw-sdu-navigator/sw/sdu/navigator/include -I/home/daniel/workspace/thesis/install/smacc2/include -I/home/daniel/workspace/thesis/install/sr_all_events_go/include -D_GNU_SOURCE -DBOOST_ALL_NO_LIB -DBOOST_ATOMIC_DYN_LINK -DBOOST_THREAD_DYN_LINK -DDEFAULT_RMW_IMPLEMENTATION=rmw_fastrtps_cpp -DRCUTILS_ENABLE_FAULT_INJECTION -DNDEBUG --sys_include /opt/ros/humble/include/rclcpp --sys_include /home/daniel/workspace/thesis/install/smacc2_msgs/include/smacc2_msgs --sys_include /opt/ros/humble/include/rclcpp_action --sys_include /opt/ros/humble/include/tracetools --sys_include /home/daniel/workspace/thesis/install/interfaces/include/interfaces --sys_include /home/daniel/workspace/thesis/install/inspection_interfaces/include/inspection_interfaces --sys_include /home/daniel/workspace/thesis/install/cv_interfaces/include/cv_interfaces --sys_include /opt/ros/humble/include/visualization_msgs --sys_include /opt/ros/humble/include/mavros_msgs --sys_include /opt/ros/humble/include/sensor_msgs --sys_include /opt/ros/humble/include/tf2 --sys_include /opt/ros/humble/include/tf2_geometry_msgs --sys_include /opt/ros/humble/include/rosidl_typesupport_c --sys_include /opt/ros/humble/include/rosidl_runtime_c --sys_include /opt/ros/humble/include/rcutils --sys_include /opt/ros/humble/include/rosidl_typesupport_interface --sys_include /opt/ros/humble/include/libyaml_vendor --sys_include /opt/ros/humble/include/rosidl_typesupport_fastrtps_c --sys_include /opt/ros/humble/include/fastcdr --sys_include /opt/ros/humble/include/rmw --sys_include /opt/ros/humble/include/rosidl_typesupport_fastrtps_cpp --sys_include /opt/ros/humble/include/rosidl_typesupport_introspection_c --sys_include /opt/ros/humble/include/rosidl_typesupport_introspection_cpp --sys_include /opt/ros/humble/include/rosidl_runtime_cpp --sys_include /opt/ros/humble/include/ament_index_cpp --sys_include /opt/ros/humble/include/libstatistics_collector --sys_include /opt/ros/humble/include/builtin_interfaces --sys_include /opt/ros/humble/include/rcl --sys_include /opt/ros/humble/include/rcl_interfaces --sys_include /opt/ros/humble/include/rcl_logging_interface --sys_include /opt/ros/humble/include/rcl_yaml_param_parser --sys_include /opt/ros/humble/include/rcpputils --sys_include /opt/ros/humble/include/statistics_msgs --sys_include /opt/ros/humble/include/rosgraph_msgs --sys_include /opt/ros/humble/include/rosidl_typesupport_cpp --sys_include /opt/ros/humble/include/action_msgs --sys_include /opt/ros/humble/include/unique_identifier_msgs --sys_include /opt/ros/humble/include/std_msgs --sys_include /opt/ros/humble/include/rcl_action --sys_include /opt/ros/humble/include/geometry_msgs --sys_include /opt/ros/humble/include/geographic_msgs --sys_include /usr/include/eigen3 --sys_include /opt/ros/humble/include/tf2_ros --sys_include /opt/ros/humble/include/message_filters --sys_include /opt/ros/humble/include/tf2_msgs '-I/usr/include/c++/11' '-I/usr/include/x86_64-linux-gnu/c++/11' '-I/usr/include/c++/11/backward' -I/usr/lib/gcc/x86_64-linux-gnu/11/include -I/usr/local/include -I/usr/include/x86_64-linux-gnu -I/usr/include -- /home/daniel/workspace/thesis/src/fod4wind_sdu-develop-sw-sdu-navigator/sw/sdu/navigator/src/navigator/DataStore.cpp
[E 19:16:46 7264] CODEQL_EXTRACTOR_CPP_TRAP_CACHING is not set
[E 19:16:46 7264] CODEQL_EXTRACTOR_CPP_OPTION_TRAP_CACHE_WRITE is not set
[E 19:16:46 7264] CODEQL_EXTRACTOR_CPP_OPTION_TRAP_CACHE_DIR is not set
[E 19:16:46 7264] Initialising TRAP cache at path: 3d/909b/9b7e2761a70c5207dc0db37c79aa
[E 19:16:46 7264] Not using TRAP cache
[E 19:16:46 7264] TRAP cache miss
[E 19:16:46 7264] Starting compilation TRAP /home/daniel/workspace/thesis/fod4wind_db/trap/cpp/compilations/29/57412040_0.trap.zst
[E 19:16:46 7264] Archiving /home/daniel/workspace/thesis/fod4wind_db/src/home/daniel/workspace/thesis/src/fod4wind_sdu-develop-sw-sdu-navigator/sw/sdu/navigator/src/navigator/DataStore.cpp
[E 19:16:46 7264] Archiving /home/daniel/workspace/thesis/fod4wind_db/src/home/daniel/workspace/thesis/src/fod4wind_sdu-develop-sw-sdu-navigator/sw/sdu/navigator/include/navigator/DataStore.hpp
[E 19:16:46 7264] Archiving /home/daniel/workspace/thesis/fod4wind_db/src/home/daniel/workspace/thesis/src/fod4wind_sdu-develop-sw-sdu-navigator/sw/sdu/navigator/include/navigator/DataStoreObjects.hpp
[E 19:16:46 7264] Archiving /home/daniel/workspace/thesis/fod4wind_db/src/home/daniel/workspace/thesis/src/fod4wind_sdu-develop-sw-sdu-navigator/sw/sdu/navigator/include/navigator/custom_defines.hpp
[E 19:16:46 7264] Archiving /home/daniel/workspace/thesis/fod4wind_db/src/usr/include/c++/11/vector
[E 19:16:46 7264] Archiving /home/daniel/workspace/thesis/fod4wind_db/src/usr/include/c++/11/bits/stl_algobase.h
[E 19:16:46 7264] Archiving /home/daniel/workspace/thesis/fod4wind_db/src/usr/include/x86_64-linux-gnu/c++/11/bits/c++config.h
[E 19:16:46 7264] Archiving /home/daniel/workspace/thesis/fod4wind_db/src/usr/include/x86_64-linux-gnu/c++/11/bits/os_defines.h
[E 19:16:46 7264] Archiving /home/daniel/workspace/thesis/fod4wind_db/src/usr/include/features.h
[E 19:16:46 7264] Archiving /home/daniel/workspace/thesis/fod4wind_db/src/usr/include/features-time64.h
[E 19:16:46 7264] Archiving /home/daniel/workspace/thesis/fod4wind_db/src/usr/include/x86_64-linux-gnu/bits/wordsize.h
[E 19:16:46 7264] Archiving /home/daniel/workspace/thesis/fod4wind_db/src/usr/include/x86_64-linux-gnu/bits/timesize.h
[E 19:16:46 7264] Already archived /home/daniel/workspace/thesis/fod4wind_db/src/usr/include/x86_64-linux-gnu/bits/wordsize.h
[E 19:16:46 7264] Archiving /home/daniel/workspace/thesis/fod4wind_db/src/usr/include/stdc-predef.h
[E 19:16:46 7264] Archiving /home/daniel/workspace/thesis/fod4wind_db/src/usr/include/x86_64-linux-gnu/sys/cdefs.h
[E 19:16:46 7264] Already archived /home/daniel/workspace/thesis/fod4wind_db/src/usr/include/x86_64-linux-gnu/bits/wordsize.h
[E 19:16:46 7264] Archiving /home/daniel/workspace/thesis/fod4wind_db/src/usr/include/x86_64-linux-gnu/bits/long-double.h
[E 19:16:46 7264] Archiving /home/daniel/workspace/thesis/fod4wind_db/src/usr/include/x86_64-linux-gnu/gnu/stubs.h
[E 19:16:46 7264] Archiving /home/daniel/workspace/thesis/fod4wind_db/src/usr/include/x86_64-linux-gnu/gnu/stubs-64.h
[E 19:16:46 7264] Archiving /home/daniel/workspace/thesis/fod4wind_db/src/usr/include/x86_64-linux-gnu/c++/11/bits/cpu_defines.h
[E 19:16:46 7264] Archiving /home/daniel/workspace/thesis/fod4wind_db/src/usr/include/c++/11/pstl/pstl_config.h
[E 19:16:46 7264] Archiving /home/daniel/workspace/thesis/fod4wind_db/src/usr/include/c++/11/bits/functexcept.h
[E 19:16:46 7264] Archiving /home/daniel/workspace/thesis/fod4wind_db/src/usr/include/c++/11/bits/exception_defines.h
[E 19:16:46 7264] Archiving /home/daniel/workspace/thesis/fod4wind_db/src/usr/include/c++/11/bits/cpp_type_traits.h
[E 19:16:46 7264] Archiving /home/daniel/workspace/thesis/fod4wind_db/src/usr/include/c++/11/ext/type_traits.h
[E 19:16:46 7264] Archiving /home/daniel/workspace/thesis/fod4wind_db/src/usr/include/c++/11/ext/numeric_traits.h
[E 19:16:46 7264] Archiving /home/daniel/workspace/thesis/fod4wind_db/src/usr/include/c++/11/bits/stl_pair.h
[E 19:16:46 7264] Archiving /home/daniel/workspace/thesis/fod4wind_db/src/usr/include/c++/11/bits/move.h
[E 19:16:46 7264] Archiving /home/daniel/workspace/thesis/fod4wind_db/src/usr/include/c++/11/type_traits
[E 19:16:46 7264] Archiving /home/daniel/workspace/thesis/fod4wind_db/src/usr/include/c++/11/compare
[E 19:16:46 7264] Archiving /home/daniel/workspace/thesis/fod4wind_db/src/usr/include/c++/11/concepts
[E 19:16:46 7264] Archiving /home/daniel/workspace/thesis/fod4wind_db/src/usr/include/c++/11/bits/stl_iterator_base_types.h
[E 19:16:46 7264] Archiving /home/daniel/workspace/thesis/fod4wind_db/src/usr/include/c++/11/bits/iterator_concepts.h
[E 19:16:46 7264] Archiving /home/daniel/workspace/thesis/fod4wind_db/src/usr/include/c++/11/bits/ptr_traits.h
[E 19:16:46 7264] Archiving /home/daniel/workspace/thesis/fod4wind_db/src/usr/include/c++/11/bits/ranges_cmp.h
[E 19:16:46 7264] Archiving /home/daniel/workspace/thesis/fod4wind_db/src/usr/include/c++/11/bits/stl_iterator_base_funcs.h
[E 19:16:46 7264] Archiving /home/daniel/workspace/thesis/fod4wind_db/src/usr/include/c++/11/bits/concept_check.h
[E 19:16:46 7264] Archiving /home/daniel/workspace/thesis/fod4wind_db/src/usr/include/c++/11/debug/assertions.h
[E 19:16:46 7264] Archiving /home/daniel/workspace/thesis/fod4wind_db/src/usr/include/c++/11/bits/stl_iterator.h
[E 19:16:46 7264] Archiving /home/daniel/workspace/thesis/fod4wind_db/src/usr/include/c++/11/new
[E 19:16:46 7264] Archiving /home/daniel/workspace/thesis/fod4wind_db/src/usr/include/c++/11/bits/exception.h
[E 19:16:46 7264] Archiving /home/daniel/workspace/thesis/fod4wind_db/src/usr/include/c++/11/bits/stl_construct.h
[E 19:16:46 7264] Archiving /home/daniel/workspace/thesis/fod4wind_db/src/usr/include/c++/11/debug/debug.h
[E 19:16:46 7264] Archiving /home/daniel/workspace/thesis/fod4wind_db/src/usr/include/c++/11/bits/predefined_ops.h
[E 19:16:46 7264] Archiving /home/daniel/workspace/thesis/fod4wind_db/src/usr/include/c++/11/bits/stl_algo.h
[E 19:16:46 7264] Archiving /home/daniel/workspace/thesis/fod4wind_db/src/usr/include/c++/11/cstdlib
[E 19:16:46 7264] Archiving /home/daniel/workspace/thesis/fod4wind_db/src/usr/include/stdlib.h
[E 19:16:46 7264] Archiving /home/daniel/workspace/thesis/fod4wind_db/src/usr/include/x86_64-linux-gnu/bits/libc-header-start.h
[E 19:16:46 7264] Archiving /home/daniel/workspace/thesis/fod4wind_db/src/usr/lib/gcc/x86_64-linux-gnu/11/include/stddef.h
[E 19:16:46 7264] Archiving /home/daniel/workspace/thesis/fod4wind_db/src/usr/include/x86_64-linux-gnu/bits/waitflags.h
[E 19:16:46 7264] Archiving /home/daniel/workspace/thesis/fod4wind_db/src/usr/include/x86_64-linux-gnu/bits/waitstatus.h
[E 19:16:46 7264] Archiving /home/daniel/workspace/thesis/fod4wind_db/src/usr/include/x86_64-linux-gnu/bits/floatn.h
[E 19:16:46 7264] Archiving /home/daniel/workspace/thesis/fod4wind_db/src/usr/include/x86_64-linux-gnu/bits/floatn-common.h
[E 19:16:46 7264] Already archived /home/daniel/workspace/thesis/fod4wind_db/src/usr/include/x86_64-linux-gnu/bits/long-double.h
[E 19:16:46 7264] Archiving /home/daniel/workspace/thesis/fod4wind_db/src/usr/include/x86_64-linux-gnu/bits/types/locale_t.h
[E 19:16:46 7264] Archiving /home/daniel/workspace/thesis/fod4wind_db/src/usr/include/x86_64-linux-gnu/bits/types/__locale_t.h
[E 19:16:46 7264] Archiving /home/daniel/workspace/thesis/fod4wind_db/src/usr/include/x86_64-linux-gnu/sys/types.h
[E 19:16:46 7264] Archiving /home/daniel/workspace/thesis/fod4wind_db/src/usr/include/x86_64-linux-gnu/bits/types.h
[E 19:16:46 7264] Already archived /home/daniel/workspace/thesis/fod4wind_db/src/usr/include/x86_64-linux-gnu/bits/wordsize.h
[E 19:16:46 7264] Already archived /home/daniel/workspace/thesis/fod4wind_db/src/usr/include/x86_64-linux-gnu/bits/timesize.h
[E 19:16:46 7264] Already archived /home/daniel/workspace/thesis/fod4wind_db/src/usr/include/x86_64-linux-gnu/bits/wordsize.h
[E 19:16:46 7264] Archiving /home/daniel/workspace/thesis/fod4wind_db/src/usr/include/x86_64-linux-gnu/bits/typesizes.h
[E 19:16:46 7264] Archiving /home/daniel/workspace/thesis/fod4wind_db/src/usr/include/x86_64-linux-gnu/bits/time64.h
[E 19:16:46 7264] Archiving /home/daniel/workspace/thesis/fod4wind_db/src/usr/include/x86_64-linux-gnu/bits/types/clock_t.h
[E 19:16:46 7264] Archiving /home/daniel/workspace/thesis/fod4wind_db/src/usr/include/x86_64-linux-gnu/bits/types/clockid_t.h
[E 19:16:46 7264] Archiving /home/daniel/workspace/thesis/fod4wind_db/src/usr/include/x86_64-linux-gnu/bits/types/time_t.h
[E 19:16:46 7264] Archiving /home/daniel/workspace/thesis/fod4wind_db/src/usr/include/x86_64-linux-gnu/bits/types/timer_t.h
[E 19:16:46 7264] Already archived /home/daniel/workspace/thesis/fod4wind_db/src/usr/lib/gcc/x86_64-linux-gnu/11/include/stddef.h
[E 19:16:46 7264] Archiving /home/daniel/workspace/thesis/fod4wind_db/src/usr/include/x86_64-linux-gnu/bits/stdint-intn.h
[E 19:16:46 7264] Archiving /home/daniel/workspace/thesis/fod4wind_db/src/usr/include/endian.h
[E 19:16:46 7264] Archiving /home/daniel/workspace/thesis/fod4wind_db/src/usr/include/x86_64-linux-gnu/bits/endian.h
[E 19:16:46 7264] Archiving /home/daniel/workspace/thesis/fod4wind_db/src/usr/include/x86_64-linux-gnu/bits/endianness.h
[E 19:16:46 7264] Archiving /home/daniel/workspace/thesis/fod4wind_db/src/usr/include/x86_64-linux-gnu/bits/byteswap.h
[E 19:16:46 7264] Archiving /home/daniel/workspace/thesis/fod4wind_db/src/usr/include/x86_64-linux-gnu/bits/uintn-identity.h
[E 19:16:46 7264] Archiving /home/daniel/workspace/thesis/fod4wind_db/src/usr/include/x86_64-linux-gnu/sys/select.h
[E 19:16:46 7264] Archiving /home/daniel/workspace/thesis/fod4wind_db/src/usr/include/x86_64-linux-gnu/bits/select.h
[E 19:16:46 7264] Archiving /home/daniel/workspace/thesis/fod4wind_db/src/usr/include/x86_64-linux-gnu/bits/types/sigset_t.h
[E 19:16:46 7264] Archiving /home/daniel/workspace/thesis/fod4wind_db/src/usr/include/x86_64-linux-gnu/bits/types/__sigset_t.h
[E 19:16:46 7264] Archiving /home/daniel/workspace/thesis/fod4wind_db/src/usr/include/x86_64-linux-gnu/bits/types/struct_timeval.h
[E 19:16:46 7264] Archiving /home/daniel/workspace/thesis/fod4wind_db/src/usr/include/x86_64-linux-gnu/bits/types/struct_timespec.h
[E 19:16:46 7264] Archiving /home/daniel/workspace/thesis/fod4wind_db/src/usr/include/x86_64-linux-gnu/bits/select2.h
[E 19:16:46 7264] Archiving /home/daniel/workspace/thesis/fod4wind_db/src/usr/include/x86_64-linux-gnu/bits/pthreadtypes.h
[E 19:16:46 7264] Archiving /home/daniel/workspace/thesis/fod4wind_db/src/usr/include/x86_64-linux-gnu/bits/thread-shared-types.h
[E 19:16:46 7264] Archiving /home/daniel/workspace/thesis/fod4wind_db/src/usr/include/x86_64-linux-gnu/bits/pthreadtypes-arch.h
[E 19:16:46 7264] Already archived /home/daniel/workspace/thesis/fod4wind_db/src/usr/include/x86_64-linux-gnu/bits/wordsize.h
[E 19:16:46 7264] Archiving /home/daniel/workspace/thesis/fod4wind_db/src/usr/include/x86_64-linux-gnu/bits/atomic_wide_counter.h
[E 19:16:46 7264] Archiving /home/daniel/workspace/thesis/fod4wind_db/src/usr/include/x86_64-linux-gnu/bits/struct_mutex.h
[E 19:16:46 7264] Archiving /home/daniel/workspace/thesis/fod4wind_db/src/usr/include/x86_64-linux-gnu/bits/struct_rwlock.h
[E 19:16:46 7264] Archiving /home/daniel/workspace/thesis/fod4wind_db/src/usr/include/alloca.h
[E 19:16:46 7264] Already archived /home/daniel/workspace/thesis/fod4wind_db/src/usr/lib/gcc/x86_64-linux-gnu/11/include/stddef.h
[E 19:16:46 7264] Archiving /home/daniel/workspace/thesis/fod4wind_db/src/usr/include/x86_64-linux-gnu/bits/stdlib-bsearch.h
[E 19:16:46 7264] Archiving /home/daniel/workspace/thesis/fod4wind_db/src/usr/include/x86_64-linux-gnu/bits/stdlib-float.h
[E 19:16:46 7264] Archiving /home/daniel/workspace/thesis/fod4wind_db/src/usr/include/x86_64-linux-gnu/bits/stdlib.h
[E 19:16:46 7264] Archiving /home/daniel/workspace/thesis/fod4wind_db/src/usr/include/c++/11/bits/std_abs.h
[E 19:16:46 7264] Archiving /home/daniel/workspace/thesis/fod4wind_db/src/usr/include/c++/11/bits/algorithmfwd.h
[E 19:16:46 7264] Archiving /home/daniel/workspace/thesis/fod4wind_db/src/usr/include/c++/11/initializer_list
[E 19:16:46 7264] Archiving /home/daniel/workspace/thesis/fod4wind_db/src/usr/include/c++/11/bits/stl_heap.h
[E 19:16:46 7264] Archiving /home/daniel/workspace/thesis/fod4wind_db/src/usr/include/c++/11/bits/stl_tempbuf.h
[E 19:16:46 7264] Archiving /home/daniel/workspace/thesis/fod4wind_db/src/usr/include/c++/11/bits/uniform_int_dist.h
[E 19:16:46 7264] Archiving /home/daniel/workspace/thesis/fod4wind_db/src/usr/include/c++/11/bits/allocator.h
[E 19:16:46 7264] Archiving /home/daniel/workspace/thesis/fod4wind_db/src/usr/include/x86_64-linux-gnu/c++/11/bits/c++allocator.h
[E 19:16:46 7264] Archiving /home/daniel/workspace/thesis/fod4wind_db/src/usr/include/c++/11/ext/new_allocator.h
[E 19:16:46 7264] Archiving /home/daniel/workspace/thesis/fod4wind_db/src/usr/include/c++/11/bits/memoryfwd.h
[E 19:16:46 7264] Archiving /home/daniel/workspace/thesis/fod4wind_db/src/usr/include/c++/11/bits/stl_uninitialized.h
[E 19:16:46 7264] Archiving /home/daniel/workspace/thesis/fod4wind_db/src/usr/include/c++/11/ext/alloc_traits.h
[E 19:16:46 7264] Archiving /home/daniel/workspace/thesis/fod4wind_db/src/usr/include/c++/11/bits/alloc_traits.h
[E 19:16:46 7264] Archiving /home/daniel/workspace/thesis/fod4wind_db/src/usr/include/c++/11/bits/stl_vector.h
[E 19:16:46 7264] Archiving /home/daniel/workspace/thesis/fod4wind_db/src/usr/include/c++/11/bits/stl_bvector.h
[E 19:16:46 7264] Archiving /home/daniel/workspace/thesis/fod4wind_db/src/usr/include/c++/11/bits/functional_hash.h
[E 19:16:46 7264] Archiving /home/daniel/workspace/thesis/fod4wind_db/src/usr/include/c++/11/bits/hash_bytes.h
[E 19:16:46 7264] Archiving /home/daniel/workspace/thesis/fod4wind_db/src/usr/include/c++/11/bits/range_access.h
[E 19:16:46 7264] Archiving /home/daniel/workspace/thesis/fod4wind_db/src/usr/include/c++/11/bits/vector.tcc
[E 19:16:46 7264] Archiving /home/daniel/workspace/thesis/fod4wind_db/src/usr/include/c++/11/chrono
[E 19:16:46 7264] Archiving /home/daniel/workspace/thesis/fod4wind_db/src/usr/include/c++/11/ratio
[E 19:16:46 7264] Archiving /home/daniel/workspace/thesis/fod4wind_db/src/usr/include/c++/11/cstdint
[E 19:16:46 7264] Archiving /home/daniel/workspace/thesis/fod4wind_db/src/usr/lib/gcc/x86_64-linux-gnu/11/include/stdint.h
[E 19:16:46 7264] Archiving /home/daniel/workspace/thesis/fod4wind_db/src/usr/include/stdint.h
[E 19:16:46 7264] Already archived /home/daniel/workspace/thesis/fod4wind_db/src/usr/include/x86_64-linux-gnu/bits/libc-header-start.h
[E 19:16:46 7264] Archiving /home/daniel/workspace/thesis/fod4wind_db/src/usr/include/x86_64-linux-gnu/bits/wchar.h
[E 19:16:46 7264] Already archived /home/daniel/workspace/thesis/fod4wind_db/src/usr/include/x86_64-linux-gnu/bits/wordsize.h
[E 19:16:46 7264] Archiving /home/daniel/workspace/thesis/fod4wind_db/src/usr/include/x86_64-linux-gnu/bits/stdint-uintn.h
[E 19:16:46 7264] Archiving /home/daniel/workspace/thesis/fod4wind_db/src/usr/include/c++/11/limits
[E 19:16:46 7264] Archiving /home/daniel/workspace/thesis/fod4wind_db/src/usr/include/c++/11/ctime
[E 19:16:46 7264] Archiving /home/daniel/workspace/thesis/fod4wind_db/src/usr/include/time.h
[E 19:16:46 7264] Already archived /home/daniel/workspace/thesis/fod4wind_db/src/usr/lib/gcc/x86_64-linux-gnu/11/include/stddef.h
[E 19:16:46 7264] Archiving /home/daniel/workspace/thesis/fod4wind_db/src/usr/include/x86_64-linux-gnu/bits/time.h
[E 19:16:46 7264] Archiving /home/daniel/workspace/thesis/fod4wind_db/src/usr/include/x86_64-linux-gnu/bits/timex.h
[E 19:16:46 7264] Archiving /home/daniel/workspace/thesis/fod4wind_db/src/usr/include/x86_64-linux-gnu/bits/types/struct_tm.h
[E 19:16:46 7264] Archiving /home/daniel/workspace/thesis/fod4wind_db/src/usr/include/x86_64-linux-gnu/bits/types/struct_itimerspec.h
[E 19:16:46 7264] Archiving /home/daniel/workspace/thesis/fod4wind_db/src/usr/include/c++/11/bits/parse_numbers.h
[E 19:16:46 7264] Archiving /home/daniel/workspace/thesis/fod4wind_db/src/opt/ros/humble/include/sensor_msgs/sensor_msgs/msg/point_cloud2.hpp
[E 19:16:46 7264] Archiving /home/daniel/workspace/thesis/fod4wind_db/src/opt/ros/humble/include/sensor_msgs/sensor_msgs/msg/detail/point_cloud2__struct.hpp
[E 19:16:46 7264] Archiving /home/daniel/workspace/thesis/fod4wind_db/src/usr/include/c++/11/algorithm
[E 19:16:46 7264] Archiving /home/daniel/workspace/thesis/fod4wind_db/src/usr/include/c++/11/utility
[E 19:16:46 7264] Archiving /home/daniel/workspace/thesis/fod4wind_db/src/usr/include/c++/11/bits/stl_relops.h
[E 19:16:46 7264] Archiving /home/daniel/workspace/thesis/fod4wind_db/src/usr/include/c++/11/bits/ranges_algo.h
[E 19:16:46 7264] Archiving /home/daniel/workspace/thesis/fod4wind_db/src/usr/include/c++/11/bits/ranges_algobase.h
[E 19:16:46 7264] Archiving /home/daniel/workspace/thesis/fod4wind_db/src/usr/include/c++/11/iterator
[E 19:16:46 7264] Archiving /home/daniel/workspace/thesis/fod4wind_db/src/usr/include/c++/11/iosfwd
[E 19:16:46 7264] Archiving /home/daniel/workspace/thesis/fod4wind_db/src/usr/include/c++/11/bits/stringfwd.h
[E 19:16:46 7264] Archiving /home/daniel/workspace/thesis/fod4wind_db/src/usr/include/c++/11/bits/postypes.h
[E 19:16:46 7264] Archiving /home/daniel/workspace/thesis/fod4wind_db/src/usr/include/c++/11/cwchar
[E 19:16:46 7264] Archiving /home/daniel/workspace/thesis/fod4wind_db/src/usr/include/wchar.h
[E 19:16:46 7264] Already archived /home/daniel/workspace/thesis/fod4wind_db/src/usr/include/x86_64-linux-gnu/bits/libc-header-start.h
[E 19:16:46 7264] Already archived /home/daniel/workspace/thesis/fod4wind_db/src/usr/lib/gcc/x86_64-linux-gnu/11/include/stddef.h
[E 19:16:46 7264] Archiving /home/daniel/workspace/thesis/fod4wind_db/src/usr/lib/gcc/x86_64-linux-gnu/11/include/stdarg.h
[E 19:16:46 7264] Archiving /home/daniel/workspace/thesis/fod4wind_db/src/usr/include/x86_64-linux-gnu/bits/types/wint_t.h
[E 19:16:46 7264] Archiving /home/daniel/workspace/thesis/fod4wind_db/src/usr/include/x86_64-linux-gnu/bits/types/mbstate_t.h
[E 19:16:46 7264] Archiving /home/daniel/workspace/thesis/fod4wind_db/src/usr/include/x86_64-linux-gnu/bits/types/__mbstate_t.h
[E 19:16:46 7264] Archiving /home/daniel/workspace/thesis/fod4wind_db/src/usr/include/x86_64-linux-gnu/bits/types/__FILE.h
[E 19:16:46 7264] Archiving /home/daniel/workspace/thesis/fod4wind_db/src/usr/include/x86_64-linux-gnu/bits/types/FILE.h
[E 19:16:46 7264] Archiving /home/daniel/workspace/thesis/fod4wind_db/src/usr/include/x86_64-linux-gnu/bits/wchar2.h
[E 19:16:46 7264] Archiving /home/daniel/workspace/thesis/fod4wind_db/src/usr/include/c++/11/bits/stream_iterator.h
[E 19:16:46 7264] Archiving /home/daniel/workspace/thesis/fod4wind_db/src/usr/include/c++/11/bits/streambuf_iterator.h
[E 19:16:46 7264] Archiving /home/daniel/workspace/thesis/fod4wind_db/src/usr/include/c++/11/streambuf
[E 19:16:46 7264] Archiving /home/daniel/workspace/thesis/fod4wind_db/src/usr/include/c++/11/bits/localefwd.h
[E 19:16:46 7264] Archiving /home/daniel/workspace/thesis/fod4wind_db/src/usr/include/x86_64-linux-gnu/c++/11/bits/c++locale.h
[E 19:16:46 7264] Archiving /home/daniel/workspace/thesis/fod4wind_db/src/usr/include/c++/11/clocale
[E 19:16:46 7264] Archiving /home/daniel/workspace/thesis/fod4wind_db/src/usr/include/locale.h
[E 19:16:46 7264] Already archived /home/daniel/workspace/thesis/fod4wind_db/src/usr/lib/gcc/x86_64-linux-gnu/11/include/stddef.h
[E 19:16:46 7264] Archiving /home/daniel/workspace/thesis/fod4wind_db/src/usr/include/x86_64-linux-gnu/bits/locale.h
[E 19:16:46 7264] Archiving /home/daniel/workspace/thesis/fod4wind_db/src/usr/include/c++/11/cctype
[E 19:16:46 7264] Archiving /home/daniel/workspace/thesis/fod4wind_db/src/usr/include/ctype.h
[E 19:16:46 7264] Archiving /home/daniel/workspace/thesis/fod4wind_db/src/usr/include/c++/11/bits/ios_base.h
[E 19:16:46 7264] Archiving /home/daniel/workspace/thesis/fod4wind_db/src/usr/include/c++/11/ext/atomicity.h
[E 19:16:46 7264] Archiving /home/daniel/workspace/thesis/fod4wind_db/src/usr/include/x86_64-linux-gnu/c++/11/bits/gthr.h
[E 19:16:46 7264] Archiving /home/daniel/workspace/thesis/fod4wind_db/src/usr/include/x86_64-linux-gnu/c++/11/bits/gthr-default.h
[E 19:16:46 7264] Archiving /home/daniel/workspace/thesis/fod4wind_db/src/usr/include/pthread.h
[E 19:16:46 7264] Archiving /home/daniel/workspace/thesis/fod4wind_db/src/usr/include/sched.h
[E 19:16:46 7264] Already archived /home/daniel/workspace/thesis/fod4wind_db/src/usr/lib/gcc/x86_64-linux-gnu/11/include/stddef.h
[E 19:16:46 7264] Archiving /home/daniel/workspace/thesis/fod4wind_db/src/usr/include/x86_64-linux-gnu/bits/sched.h
[E 19:16:46 7264] Archiving /home/daniel/workspace/thesis/fod4wind_db/src/usr/include/x86_64-linux-gnu/bits/types/struct_sched_param.h
[E 19:16:46 7264] Archiving /home/daniel/workspace/thesis/fod4wind_db/src/usr/include/x86_64-linux-gnu/bits/cpu-set.h
[E 19:16:46 7264] Archiving /home/daniel/workspace/thesis/fod4wind_db/src/usr/include/x86_64-linux-gnu/bits/setjmp.h
[E 19:16:46 7264] Already archived /home/daniel/workspace/thesis/fod4wind_db/src/usr/include/x86_64-linux-gnu/bits/wordsize.h
[E 19:16:46 7264] Already archived /home/daniel/workspace/thesis/fod4wind_db/src/usr/include/x86_64-linux-gnu/bits/wordsize.h
[E 19:16:46 7264] Archiving /home/daniel/workspace/thesis/fod4wind_db/src/usr/include/x86_64-linux-gnu/bits/types/struct___jmp_buf_tag.h
[E 19:16:46 7264] Archiving /home/daniel/workspace/thesis/fod4wind_db/src/usr/include/x86_64-linux-gnu/bits/pthread_stack_min-dynamic.h
[E 19:16:46 7264] Archiving /home/daniel/workspace/thesis/fod4wind_db/src/usr/include/x86_64-linux-gnu/c++/11/bits/atomic_word.h
[E 19:16:46 7264] Archiving /home/daniel/workspace/thesis/fod4wind_db/src/usr/include/x86_64-linux-gnu/sys/single_threaded.h
[E 19:16:46 7264] Archiving /home/daniel/workspace/thesis/fod4wind_db/src/usr/include/c++/11/bits/locale_classes.h
[E 19:16:46 7264] Archiving /home/daniel/workspace/thesis/fod4wind_db/src/usr/include/c++/11/string
[E 19:16:46 7264] Archiving /home/daniel/workspace/thesis/fod4wind_db/src/usr/include/c++/11/bits/char_traits.h
[E 19:16:46 7264] Already archived /home/daniel/workspace/thesis/fod4wind_db/src/usr/include/c++/11/cwchar
[E 19:16:46 7264] Archiving /home/daniel/workspace/thesis/fod4wind_db/src/usr/include/c++/11/bits/ostream_insert.h
[E 19:16:46 7264] Archiving /home/daniel/workspace/thesis/fod4wind_db/src/usr/include/c++/11/bits/cxxabi_forced.h
[E 19:16:46 7264] Archiving /home/daniel/workspace/thesis/fod4wind_db/src/usr/include/c++/11/bits/stl_function.h
[E 19:16:46 7264] Archiving /home/daniel/workspace/thesis/fod4wind_db/src/usr/include/c++/11/backward/binders.h
[E 19:16:46 7264] Archiving /home/daniel/workspace/thesis/fod4wind_db/src/usr/include/c++/11/bits/basic_string.h
[E 19:16:46 7264] Archiving /home/daniel/workspace/thesis/fod4wind_db/src/usr/include/c++/11/string_view
[E 19:16:46 7264] Archiving /home/daniel/workspace/thesis/fod4wind_db/src/usr/include/c++/11/bits/ranges_base.h
[E 19:16:46 7264] Archiving /home/daniel/workspace/thesis/fod4wind_db/src/usr/include/c++/11/bits/max_size_type.h
[E 19:16:46 7264] Archiving /home/daniel/workspace/thesis/fod4wind_db/src/usr/include/c++/11/numbers
[E 19:16:46 7264] Archiving /home/daniel/workspace/thesis/fod4wind_db/src/usr/include/c++/11/bits/string_view.tcc
[E 19:16:46 7264] Archiving /home/daniel/workspace/thesis/fod4wind_db/src/usr/include/c++/11/ext/string_conversions.h
[E 19:16:46 7264] Already archived /home/daniel/workspace/thesis/fod4wind_db/src/usr/include/c++/11/cstdlib
[E 19:16:46 7264] Already archived /home/daniel/workspace/thesis/fod4wind_db/src/usr/include/c++/11/cwchar
[E 19:16:46 7264] Archiving /home/daniel/workspace/thesis/fod4wind_db/src/usr/include/c++/11/cstdio
[E 19:16:46 7264] Archiving /home/daniel/workspace/thesis/fod4wind_db/src/usr/include/stdio.h
[E 19:16:46 7264] Already archived /home/daniel/workspace/thesis/fod4wind_db/src/usr/include/x86_64-linux-gnu/bits/libc-header-start.h
[E 19:16:46 7264] Already archived /home/daniel/workspace/thesis/fod4wind_db/src/usr/lib/gcc/x86_64-linux-gnu/11/include/stddef.h
[E 19:16:46 7264] Already archived /home/daniel/workspace/thesis/fod4wind_db/src/usr/lib/gcc/x86_64-linux-gnu/11/include/stdarg.h
[E 19:16:46 7264] Archiving /home/daniel/workspace/thesis/fod4wind_db/src/usr/include/x86_64-linux-gnu/bits/types/__fpos_t.h
[E 19:16:46 7264] Archiving /home/daniel/workspace/thesis/fod4wind_db/src/usr/include/x86_64-linux-gnu/bits/types/__fpos64_t.h
[E 19:16:46 7264] Archiving /home/daniel/workspace/thesis/fod4wind_db/src/usr/include/x86_64-linux-gnu/bits/types/struct_FILE.h
[E 19:16:46 7264] Archiving /home/daniel/workspace/thesis/fod4wind_db/src/usr/include/x86_64-linux-gnu/bits/types/cookie_io_functions_t.h
[E 19:16:46 7264] Archiving /home/daniel/workspace/thesis/fod4wind_db/src/usr/include/x86_64-linux-gnu/bits/stdio_lim.h
[E 19:16:46 7264] Archiving /home/daniel/workspace/thesis/fod4wind_db/src/usr/include/x86_64-linux-gnu/bits/stdio.h
[E 19:16:46 7264] Archiving /home/daniel/workspace/thesis/fod4wind_db/src/usr/include/x86_64-linux-gnu/bits/stdio2.h
[E 19:16:46 7264] Archiving /home/daniel/workspace/thesis/fod4wind_db/src/usr/include/c++/11/cerrno
[E 19:16:46 7264] Archiving /home/daniel/workspace/thesis/fod4wind_db/src/usr/include/errno.h
[E 19:16:46 7264] Archiving /home/daniel/workspace/thesis/fod4wind_db/src/usr/include/x86_64-linux-gnu/bits/errno.h
[E 19:16:46 7264] Archiving /home/daniel/workspace/thesis/fod4wind_db/src/usr/include/linux/errno.h
[E 19:16:46 7264] Archiving /home/daniel/workspace/thesis/fod4wind_db/src/usr/include/x86_64-linux-gnu/asm/errno.h
[E 19:16:46 7264] Archiving /home/daniel/workspace/thesis/fod4wind_db/src/usr/include/asm-generic/errno.h
[E 19:16:46 7264] Archiving /home/daniel/workspace/thesis/fod4wind_db/src/usr/include/asm-generic/errno-base.h
[E 19:16:46 7264] Archiving /home/daniel/workspace/thesis/fod4wind_db/src/usr/include/x86_64-linux-gnu/bits/types/error_t.h
[E 19:16:46 7264] Archiving /home/daniel/workspace/thesis/fod4wind_db/src/usr/include/c++/11/bits/charconv.h
[E 19:16:46 7264] Archiving /home/daniel/workspace/thesis/fod4wind_db/src/usr/include/c++/11/bits/basic_string.tcc
[E 19:16:46 7264] Archiving /home/daniel/workspace/thesis/fod4wind_db/src/usr/include/c++/11/bits/locale_classes.tcc
[E 19:16:46 7264] Archiving /home/daniel/workspace/thesis/fod4wind_db/src/usr/include/c++/11/system_error
[E 19:16:46 7264] Archiving /home/daniel/workspace/thesis/fod4wind_db/src/usr/include/x86_64-linux-gnu/c++/11/bits/error_constants.h
[E 19:16:46 7264] Already archived /home/daniel/workspace/thesis/fod4wind_db/src/usr/include/c++/11/cerrno
[E 19:16:46 7264] Archiving /home/daniel/workspace/thesis/fod4wind_db/src/usr/include/c++/11/stdexcept
[E 19:16:46 7264] Archiving /home/daniel/workspace/thesis/fod4wind_db/src/usr/include/c++/11/exception
[E 19:16:46 7264] Archiving /home/daniel/workspace/thesis/fod4wind_db/src/usr/include/c++/11/bits/exception_ptr.h
[E 19:16:46 7264] Archiving /home/daniel/workspace/thesis/fod4wind_db/src/usr/include/c++/11/bits/cxxabi_init_exception.h
[E 19:16:46 7264] Already archived /home/daniel/workspace/thesis/fod4wind_db/src/usr/lib/gcc/x86_64-linux-gnu/11/include/stddef.h
[E 19:16:46 7264] Archiving /home/daniel/workspace/thesis/fod4wind_db/src/usr/include/c++/11/typeinfo
[E 19:16:46 7264] Archiving /home/daniel/workspace/thesis/fod4wind_db/src/usr/include/c++/11/bits/nested_exception.h
[E 19:16:46 7264] Archiving /home/daniel/workspace/thesis/fod4wind_db/src/usr/include/c++/11/bits/streambuf.tcc
[E 19:16:46 7264] Archiving /home/daniel/workspace/thesis/fod4wind_db/src/usr/include/c++/11/bits/invoke.h
[E 19:16:46 7264] Archiving /home/daniel/workspace/thesis/fod4wind_db/src/usr/include/c++/11/bits/ranges_util.h
[E 19:16:46 7264] Archiving /home/daniel/workspace/thesis/fod4wind_db/src/usr/include/c++/11/pstl/glue_algorithm_defs.h
[E 19:16:46 7264] Archiving /home/daniel/workspace/thesis/fod4wind_db/src/usr/include/c++/11/functional
[E 19:16:46 7264] Archiving /home/daniel/workspace/thesis/fod4wind_db/src/usr/include/c++/11/tuple
[E 19:16:46 7264] Archiving /home/daniel/workspace/thesis/fod4wind_db/src/usr/include/c++/11/array
[E 19:16:46 7264] Archiving /home/daniel/workspace/thesis/fod4wind_db/src/usr/include/c++/11/bits/uses_allocator.h
[E 19:16:46 7264] Archiving /home/daniel/workspace/thesis/fod4wind_db/src/usr/include/c++/11/bits/refwrap.h
[E 19:16:46 7264] Archiving /home/daniel/workspace/thesis/fod4wind_db/src/usr/include/c++/11/bits/std_function.h
[E 19:16:46 7264] Archiving /home/daniel/workspace/thesis/fod4wind_db/src/usr/include/c++/11/unordered_map
[E 19:16:46 7264] Archiving /home/daniel/workspace/thesis/fod4wind_db/src/usr/include/c++/11/ext/aligned_buffer.h
[E 19:16:46 7264] Archiving /home/daniel/workspace/thesis/fod4wind_db/src/usr/include/c++/11/bits/hashtable.h
[E 19:16:46 7264] Archiving /home/daniel/workspace/thesis/fod4wind_db/src/usr/include/c++/11/bits/hashtable_policy.h
[E 19:16:46 7264] Archiving /home/daniel/workspace/thesis/fod4wind_db/src/usr/include/c++/11/bits/enable_special_members.h
[E 19:16:46 7264] Archiving /home/daniel/workspace/thesis/fod4wind_db/src/usr/include/c++/11/bits/node_handle.h
[E 19:16:46 7264] Archiving /home/daniel/workspace/thesis/fod4wind_db/src/usr/include/c++/11/bits/unordered_map.h
[E 19:16:46 7264] Archiving /home/daniel/workspace/thesis/fod4wind_db/src/usr/include/c++/11/bits/erase_if.h
[E 19:16:46 7264] Archiving /home/daniel/workspace/thesis/fod4wind_db/src/usr/include/c++/11/pstl/execution_defs.h
[E 19:16:46 7264] Archiving /home/daniel/workspace/thesis/fod4wind_db/src/usr/include/c++/11/memory
[E 19:16:46 7264] Archiving /home/daniel/workspace/thesis/fod4wind_db/src/usr/include/c++/11/bits/stl_raw_storage_iter.h
[E 19:16:46 7264] Archiving /home/daniel/workspace/thesis/fod4wind_db/src/usr/include/c++/11/bits/align.h
[E 19:16:46 7264] Archiving /home/daniel/workspace/thesis/fod4wind_db/src/usr/include/c++/11/bit
[E 19:16:46 7264] Archiving /home/daniel/workspace/thesis/fod4wind_db/src/usr/include/c++/11/bits/unique_ptr.h
[E 19:16:46 7264] Archiving /home/daniel/workspace/thesis/fod4wind_db/src/usr/include/c++/11/ostream
[E 19:16:46 7264] Archiving /home/daniel/workspace/thesis/fod4wind_db/src/usr/include/c++/11/ios
[E 19:16:46 7264] Archiving /home/daniel/workspace/thesis/fod4wind_db/src/usr/include/c++/11/bits/basic_ios.h
[E 19:16:46 7264] Archiving /home/daniel/workspace/thesis/fod4wind_db/src/usr/include/c++/11/bits/locale_facets.h
[E 19:16:46 7264] Archiving /home/daniel/workspace/thesis/fod4wind_db/src/usr/include/c++/11/cwctype
[E 19:16:46 7264] Archiving /home/daniel/workspace/thesis/fod4wind_db/src/usr/include/wctype.h
[E 19:16:46 7264] Archiving /home/daniel/workspace/thesis/fod4wind_db/src/usr/include/x86_64-linux-gnu/bits/wctype-wchar.h
[E 19:16:46 7264] Already archived /home/daniel/workspace/thesis/fod4wind_db/src/usr/include/c++/11/cctype
[E 19:16:46 7264] Archiving /home/daniel/workspace/thesis/fod4wind_db/src/usr/include/x86_64-linux-gnu/c++/11/bits/ctype_base.h
[E 19:16:46 7264] Archiving /home/daniel/workspace/thesis/fod4wind_db/src/usr/include/x86_64-linux-gnu/c++/11/bits/ctype_inline.h
[E 19:16:46 7264] Archiving /home/daniel/workspace/thesis/fod4wind_db/src/usr/include/c++/11/bits/locale_facets.tcc
[E 19:16:46 7264] Archiving /home/daniel/workspace/thesis/fod4wind_db/src/usr/include/c++/11/bits/basic_ios.tcc
[E 19:16:46 7264] Archiving /home/daniel/workspace/thesis/fod4wind_db/src/usr/include/c++/11/bits/ostream.tcc
[E 19:16:46 7264] Archiving /home/daniel/workspace/thesis/fod4wind_db/src/usr/include/c++/11/bits/shared_ptr.h
[E 19:16:46 7264] Archiving /home/daniel/workspace/thesis/fod4wind_db/src/usr/include/c++/11/bits/shared_ptr_base.h
[E 19:16:46 7264] Archiving /home/daniel/workspace/thesis/fod4wind_db/src/usr/include/c++/11/bits/allocated_ptr.h
[E 19:16:46 7264] Archiving /home/daniel/workspace/thesis/fod4wind_db/src/usr/include/c++/11/ext/concurrence.h
[E 19:16:46 7264] Archiving /home/daniel/workspace/thesis/fod4wind_db/src/usr/include/c++/11/bits/shared_ptr_atomic.h
[E 19:16:46 7264] Archiving /home/daniel/workspace/thesis/fod4wind_db/src/usr/include/c++/11/bits/atomic_base.h
[E 19:16:46 7264] Archiving /home/daniel/workspace/thesis/fod4wind_db/src/usr/include/c++/11/bits/atomic_lockfree_defines.h
[E 19:16:46 7264] Archiving /home/daniel/workspace/thesis/fod4wind_db/src/usr/include/c++/11/bits/atomic_wait.h
[E 19:16:46 7264] Already archived /home/daniel/workspace/thesis/fod4wind_db/src/usr/include/c++/11/cerrno
[E 19:16:46 7264] Archiving /home/daniel/workspace/thesis/fod4wind_db/src/usr/include/c++/11/climits
[E 19:16:46 7264] Archiving /home/daniel/workspace/thesis/fod4wind_db/src/usr/lib/gcc/x86_64-linux-gnu/11/include/limits.h
[E 19:16:46 7264] Archiving /home/daniel/workspace/thesis/fod4wind_db/src/usr/lib/gcc/x86_64-linux-gnu/11/include/syslimits.h
[E 19:16:46 7264] Already archived /home/daniel/workspace/thesis/fod4wind_db/src/usr/lib/gcc/x86_64-linux-gnu/11/include/limits.h
[E 19:16:46 7264] Archiving /home/daniel/workspace/thesis/fod4wind_db/src/usr/include/limits.h
[E 19:16:46 7264] Already archived /home/daniel/workspace/thesis/fod4wind_db/src/usr/include/x86_64-linux-gnu/bits/libc-header-start.h
[E 19:16:46 7264] Archiving /home/daniel/workspace/thesis/fod4wind_db/src/usr/include/x86_64-linux-gnu/bits/posix1_lim.h
[E 19:16:46 7264] Already archived /home/daniel/workspace/thesis/fod4wind_db/src/usr/include/x86_64-linux-gnu/bits/wordsize.h
[E 19:16:46 7264] Archiving /home/daniel/workspace/thesis/fod4wind_db/src/usr/include/x86_64-linux-gnu/bits/local_lim.h
[E 19:16:46 7264] Archiving /home/daniel/workspace/thesis/fod4wind_db/src/usr/include/linux/limits.h
[E 19:16:46 7264] Archiving /home/daniel/workspace/thesis/fod4wind_db/src/usr/include/x86_64-linux-gnu/bits/posix2_lim.h
[E 19:16:46 7264] Archiving /home/daniel/workspace/thesis/fod4wind_db/src/usr/include/x86_64-linux-gnu/bits/xopen_lim.h
[E 19:16:46 7264] Archiving /home/daniel/workspace/thesis/fod4wind_db/src/usr/include/x86_64-linux-gnu/bits/uio_lim.h
[E 19:16:46 7264] Archiving /home/daniel/workspace/thesis/fod4wind_db/src/usr/include/unistd.h
[E 19:16:46 7264] Archiving /home/daniel/workspace/thesis/fod4wind_db/src/usr/include/x86_64-linux-gnu/bits/posix_opt.h
[E 19:16:46 7264] Archiving /home/daniel/workspace/thesis/fod4wind_db/src/usr/include/x86_64-linux-gnu/bits/environments.h
[E 19:16:46 7264] Already archived /home/daniel/workspace/thesis/fod4wind_db/src/usr/include/x86_64-linux-gnu/bits/wordsize.h
[E 19:16:46 7264] Already archived /home/daniel/workspace/thesis/fod4wind_db/src/usr/lib/gcc/x86_64-linux-gnu/11/include/stddef.h
[E 19:16:46 7264] Archiving /home/daniel/workspace/thesis/fod4wind_db/src/usr/include/x86_64-linux-gnu/bits/confname.h
[E 19:16:46 7264] Archiving /home/daniel/workspace/thesis/fod4wind_db/src/usr/include/x86_64-linux-gnu/bits/getopt_posix.h
[E 19:16:46 7264] Archiving /home/daniel/workspace/thesis/fod4wind_db/src/usr/include/x86_64-linux-gnu/bits/getopt_core.h
[E 19:16:46 7264] Archiving /home/daniel/workspace/thesis/fod4wind_db/src/usr/include/x86_64-linux-gnu/bits/unistd.h
[E 19:16:46 7264] Archiving /home/daniel/workspace/thesis/fod4wind_db/src/usr/include/x86_64-linux-gnu/bits/unistd_ext.h
[E 19:16:46 7264] Archiving /home/daniel/workspace/thesis/fod4wind_db/src/usr/include/linux/close_range.h
[E 19:16:46 7264] Archiving /home/daniel/workspace/thesis/fod4wind_db/src/usr/include/syscall.h
[E 19:16:46 7264] Archiving /home/daniel/workspace/thesis/fod4wind_db/src/usr/include/x86_64-linux-gnu/sys/syscall.h
[E 19:16:46 7264] Archiving /home/daniel/workspace/thesis/fod4wind_db/src/usr/include/x86_64-linux-gnu/asm/unistd.h
[E 19:16:46 7264] Archiving /home/daniel/workspace/thesis/fod4wind_db/src/usr/include/x86_64-linux-gnu/asm/unistd_64.h
[E 19:16:46 7264] Archiving /home/daniel/workspace/thesis/fod4wind_db/src/usr/include/x86_64-linux-gnu/bits/syscall.h
[E 19:16:46 7264] Archiving /home/daniel/workspace/thesis/fod4wind_db/src/usr/include/c++/11/bits/std_mutex.h
[E 19:16:46 7264] Archiving /home/daniel/workspace/thesis/fod4wind_db/src/usr/include/c++/11/backward/auto_ptr.h
[E 19:16:46 7264] Archiving /home/daniel/workspace/thesis/fod4wind_db/src/usr/include/c++/11/bits/ranges_uninitialized.h
[E 19:16:46 7264] Archiving /home/daniel/workspace/thesis/fod4wind_db/src/usr/include/c++/11/bits/uses_allocator_args.h
[E 19:16:46 7264] Archiving /home/daniel/workspace/thesis/fod4wind_db/src/usr/include/c++/11/pstl/glue_memory_defs.h
[E 19:16:46 7264] Archiving /home/daniel/workspace/thesis/fod4wind_db/src/opt/ros/humble/include/rosidl_runtime_cpp/rosidl_runtime_cpp/bounded_vector.hpp
[E 19:16:46 7264] Archiving /home/daniel/workspace/thesis/fod4wind_db/src/opt/ros/humble/include/rosidl_runtime_cpp/rosidl_runtime_cpp/message_initialization.hpp
[E 19:16:46 7264] Archiving /home/daniel/workspace/thesis/fod4wind_db/src/opt/ros/humble/include/rosidl_runtime_c/rosidl_runtime_c/message_initialization.h
[E 19:16:46 7264] Archiving /home/daniel/workspace/thesis/fod4wind_db/src/opt/ros/humble/include/std_msgs/std_msgs/msg/detail/header__struct.hpp
[E 19:16:46 7264] Archiving /home/daniel/workspace/thesis/fod4wind_db/src/opt/ros/humble/include/builtin_interfaces/builtin_interfaces/msg/detail/time__struct.hpp
[E 19:16:46 7264] Archiving /home/daniel/workspace/thesis/fod4wind_db/src/opt/ros/humble/include/sensor_msgs/sensor_msgs/msg/detail/point_field__struct.hpp
[E 19:16:46 7264] Archiving /home/daniel/workspace/thesis/fod4wind_db/src/opt/ros/humble/include/sensor_msgs/sensor_msgs/msg/detail/point_cloud2__builder.hpp
[E 19:16:46 7264] Archiving /home/daniel/workspace/thesis/fod4wind_db/src/opt/ros/humble/include/sensor_msgs/sensor_msgs/msg/detail/point_cloud2__traits.hpp
[E 19:16:46 7264] Archiving /home/daniel/workspace/thesis/fod4wind_db/src/usr/include/c++/11/sstream
[E 19:16:46 7264] Archiving /home/daniel/workspace/thesis/fod4wind_db/src/usr/include/c++/11/istream
[E 19:16:46 7264] Archiving /home/daniel/workspace/thesis/fod4wind_db/src/usr/include/c++/11/bits/istream.tcc
[E 19:16:46 7264] Archiving /home/daniel/workspace/thesis/fod4wind_db/src/usr/include/c++/11/bits/sstream.tcc
[E 19:16:46 7264] Archiving /home/daniel/workspace/thesis/fod4wind_db/src/opt/ros/humble/include/rosidl_runtime_cpp/rosidl_runtime_cpp/traits.hpp
[E 19:16:46 7264] Archiving /home/daniel/workspace/thesis/fod4wind_db/src/usr/include/c++/11/codecvt
[E 19:16:46 7264] Archiving /home/daniel/workspace/thesis/fod4wind_db/src/usr/include/c++/11/bits/codecvt.h
[E 19:16:46 7264] Archiving /home/daniel/workspace/thesis/fod4wind_db/src/usr/include/c++/11/iomanip
[E 19:16:46 7264] Archiving /home/daniel/workspace/thesis/fod4wind_db/src/usr/include/c++/11/locale
[E 19:16:46 7264] Archiving /home/daniel/workspace/thesis/fod4wind_db/src/usr/include/c++/11/bits/locale_facets_nonio.h
[E 19:16:46 7264] Already archived /home/daniel/workspace/thesis/fod4wind_db/src/usr/include/c++/11/ctime
[E 19:16:46 7264] Archiving /home/daniel/workspace/thesis/fod4wind_db/src/usr/include/x86_64-linux-gnu/c++/11/bits/time_members.h
[E 19:16:46 7264] Archiving /home/daniel/workspace/thesis/fod4wind_db/src/usr/include/x86_64-linux-gnu/c++/11/bits/messages_members.h
[E 19:16:46 7264] Archiving /home/daniel/workspace/thesis/fod4wind_db/src/usr/include/libintl.h
[E 19:16:46 7264] Archiving /home/daniel/workspace/thesis/fod4wind_db/src/usr/include/c++/11/bits/locale_facets_nonio.tcc
[E 19:16:46 7264] Archiving /home/daniel/workspace/thesis/fod4wind_db/src/usr/include/c++/11/bits/locale_conv.h
[E 19:16:46 7264] Archiving /home/daniel/workspace/thesis/fod4wind_db/src/usr/include/c++/11/bits/quoted_string.h
[E 19:16:46 7264] Archiving /home/daniel/workspace/thesis/fod4wind_db/src/opt/ros/humble/include/std_msgs/std_msgs/msg/detail/header__traits.hpp
[E 19:16:46 7264] Archiving /home/daniel/workspace/thesis/fod4wind_db/src/opt/ros/humble/include/builtin_interfaces/builtin_interfaces/msg/detail/time__traits.hpp
[E 19:16:46 7264] Archiving /home/daniel/workspace/thesis/fod4wind_db/src/opt/ros/humble/include/sensor_msgs/sensor_msgs/msg/detail/point_field__traits.hpp
[E 19:16:46 7264] Archiving /home/daniel/workspace/thesis/fod4wind_db/src/opt/ros/humble/include/sensor_msgs/sensor_msgs/msg/detail/point_cloud2__type_support.hpp
[E 19:16:46 7264] Archiving /home/daniel/workspace/thesis/fod4wind_db/src/opt/ros/humble/include/rosidl_typesupport_interface/rosidl_typesupport_interface/macros.h
[E 19:16:46 7264] Archiving /home/daniel/workspace/thesis/fod4wind_db/src/opt/ros/humble/include/sensor_msgs/sensor_msgs/msg/rosidl_generator_cpp__visibility_control.hpp
[E 19:16:46 7264] Archiving /home/daniel/workspace/thesis/fod4wind_db/src/opt/ros/humble/include/rosidl_runtime_cpp/rosidl_typesupport_cpp/message_type_support.hpp
[E 19:16:46 7264] Archiving /home/daniel/workspace/thesis/fod4wind_db/src/opt/ros/humble/include/rosidl_runtime_c/rosidl_runtime_c/message_type_support_struct.h
[E 19:16:46 7264] Archiving /home/daniel/workspace/thesis/fod4wind_db/src/opt/ros/humble/include/rosidl_runtime_c/rosidl_runtime_c/visibility_control.h
[E 19:16:46 7264] Archiving /home/daniel/workspace/thesis/fod4wind_db/src/home/daniel/workspace/thesis/install/interfaces/include/interfaces/interfaces/msg/lidar_frame_multi_array.hpp
[E 19:16:46 7264] Archiving /home/daniel/workspace/thesis/fod4wind_db/src/home/daniel/workspace/thesis/install/interfaces/include/interfaces/interfaces/msg/detail/lidar_frame_multi_array__struct.hpp
[E 19:16:46 7264] Archiving /home/daniel/workspace/thesis/fod4wind_db/src/home/daniel/workspace/thesis/install/interfaces/include/interfaces/interfaces/msg/detail/lidar_frame__struct.hpp
[E 19:16:46 7264] Archiving /home/daniel/workspace/thesis/fod4wind_db/src/home/daniel/workspace/thesis/install/interfaces/include/interfaces/interfaces/msg/detail/lidar_frame_multi_array__builder.hpp
[E 19:16:46 7264] Archiving /home/daniel/workspace/thesis/fod4wind_db/src/home/daniel/workspace/thesis/install/interfaces/include/interfaces/interfaces/msg/detail/lidar_frame_multi_array__traits.hpp
[E 19:16:46 7264] Archiving /home/daniel/workspace/thesis/fod4wind_db/src/home/daniel/workspace/thesis/install/interfaces/include/interfaces/interfaces/msg/detail/lidar_frame__traits.hpp
[E 19:16:46 7264] Archiving /home/daniel/workspace/thesis/fod4wind_db/src/home/daniel/workspace/thesis/install/interfaces/include/interfaces/interfaces/msg/detail/lidar_frame_multi_array__type_support.hpp
[E 19:16:46 7264] Archiving /home/daniel/workspace/thesis/fod4wind_db/src/home/daniel/workspace/thesis/install/interfaces/include/interfaces/interfaces/msg/rosidl_generator_cpp__visibility_control.hpp
[E 19:16:46 7264] Archiving /home/daniel/workspace/thesis/fod4wind_db/src/home/daniel/workspace/thesis/install/inspection_interfaces/include/inspection_interfaces/inspection_interfaces/msg/planner_result.hpp
[E 19:16:46 7264] Archiving /home/daniel/workspace/thesis/fod4wind_db/src/home/daniel/workspace/thesis/install/inspection_interfaces/include/inspection_interfaces/inspection_interfaces/msg/detail/planner_result__struct.hpp
[E 19:16:46 7264] Archiving /home/daniel/workspace/thesis/fod4wind_db/src/home/daniel/workspace/thesis/install/inspection_interfaces/include/inspection_interfaces/inspection_interfaces/msg/detail/planner_point__struct.hpp
[E 19:16:46 7264] Archiving /home/daniel/workspace/thesis/fod4wind_db/src/opt/ros/humble/include/geometry_msgs/geometry_msgs/msg/detail/pose_stamped__struct.hpp
[E 19:16:46 7264] Archiving /home/daniel/workspace/thesis/fod4wind_db/src/opt/ros/humble/include/geometry_msgs/geometry_msgs/msg/detail/pose__struct.hpp
[E 19:16:46 7264] Archiving /home/daniel/workspace/thesis/fod4wind_db/src/opt/ros/humble/include/geometry_msgs/geometry_msgs/msg/detail/point__struct.hpp
[E 19:16:46 7264] Archiving /home/daniel/workspace/thesis/fod4wind_db/src/opt/ros/humble/include/geometry_msgs/geometry_msgs/msg/detail/quaternion__struct.hpp
[E 19:16:46 7264] Archiving /home/daniel/workspace/thesis/fod4wind_db/src/opt/ros/humble/include/geometry_msgs/geometry_msgs/msg/detail/quaternion_stamped__struct.hpp
[E 19:16:46 7264] Archiving /home/daniel/workspace/thesis/fod4wind_db/src/home/daniel/workspace/thesis/install/inspection_interfaces/include/inspection_interfaces/inspection_interfaces/msg/detail/planner_result__builder.hpp
[E 19:16:46 7264] Archiving /home/daniel/workspace/thesis/fod4wind_db/src/home/daniel/workspace/thesis/install/inspection_interfaces/include/inspection_interfaces/inspection_interfaces/msg/detail/planner_result__traits.hpp
[E 19:16:46 7264] Archiving /home/daniel/workspace/thesis/fod4wind_db/src/home/daniel/workspace/thesis/install/inspection_interfaces/include/inspection_interfaces/inspection_interfaces/msg/detail/planner_point__traits.hpp
[E 19:16:46 7264] Archiving /home/daniel/workspace/thesis/fod4wind_db/src/opt/ros/humble/include/geometry_msgs/geometry_msgs/msg/detail/pose_stamped__traits.hpp
[E 19:16:46 7264] Archiving /home/daniel/workspace/thesis/fod4wind_db/src/opt/ros/humble/include/geometry_msgs/geometry_msgs/msg/detail/pose__traits.hpp
[E 19:16:46 7264] Archiving /home/daniel/workspace/thesis/fod4wind_db/src/opt/ros/humble/include/geometry_msgs/geometry_msgs/msg/detail/point__traits.hpp
[E 19:16:46 7264] Archiving /home/daniel/workspace/thesis/fod4wind_db/src/opt/ros/humble/include/geometry_msgs/geometry_msgs/msg/detail/quaternion__traits.hpp
[E 19:16:46 7264] Archiving /home/daniel/workspace/thesis/fod4wind_db/src/opt/ros/humble/include/geometry_msgs/geometry_msgs/msg/detail/quaternion_stamped__traits.hpp
[E 19:16:46 7264] Archiving /home/daniel/workspace/thesis/fod4wind_db/src/home/daniel/workspace/thesis/install/inspection_interfaces/include/inspection_interfaces/inspection_interfaces/msg/detail/planner_result__type_support.hpp
[E 19:16:46 7264] Archiving /home/daniel/workspace/thesis/fod4wind_db/src/home/daniel/workspace/thesis/install/inspection_interfaces/include/inspection_interfaces/inspection_interfaces/msg/rosidl_generator_cpp__visibility_control.hpp
[E 19:16:46 7264] Archiving /home/daniel/workspace/thesis/fod4wind_db/src/usr/include/c++/11/shared_mutex
[E 19:16:46 7264] Archiving /home/daniel/workspace/thesis/fod4wind_db/src/usr/include/c++/11/mutex
[E 19:16:46 7264] Archiving /home/daniel/workspace/thesis/fod4wind_db/src/usr/include/c++/11/bits/unique_lock.h
[E 19:16:46 7264] Archiving /home/daniel/workspace/thesis/fod4wind_db/src/usr/include/c++/11/math.h
[E 19:16:46 7264] Archiving /home/daniel/workspace/thesis/fod4wind_db/src/usr/include/c++/11/cmath
[E 19:16:46 7264] Archiving /home/daniel/workspace/thesis/fod4wind_db/src/usr/include/math.h
[E 19:16:46 7264] Already archived /home/daniel/workspace/thesis/fod4wind_db/src/usr/include/x86_64-linux-gnu/bits/libc-header-start.h
[E 19:16:46 7264] Archiving /home/daniel/workspace/thesis/fod4wind_db/src/usr/include/x86_64-linux-gnu/bits/math-vector.h
[E 19:16:46 7264] Archiving /home/daniel/workspace/thesis/fod4wind_db/src/usr/include/x86_64-linux-gnu/bits/libm-simd-decl-stubs.h
[E 19:16:46 7264] Archiving /home/daniel/workspace/thesis/fod4wind_db/src/usr/include/x86_64-linux-gnu/bits/flt-eval-method.h
[E 19:16:46 7264] Archiving /home/daniel/workspace/thesis/fod4wind_db/src/usr/include/x86_64-linux-gnu/bits/fp-logb.h
[E 19:16:46 7264] Archiving /home/daniel/workspace/thesis/fod4wind_db/src/usr/include/x86_64-linux-gnu/bits/fp-fast.h
[E 19:16:46 7264] Archiving /home/daniel/workspace/thesis/fod4wind_db/src/usr/include/x86_64-linux-gnu/bits/mathcalls-helper-functions.h
[E 19:16:46 7264] Archiving /home/daniel/workspace/thesis/fod4wind_db/src/usr/include/x86_64-linux-gnu/bits/mathcalls.h
[E 19:16:46 7264] Already archived /home/daniel/workspace/thesis/fod4wind_db/src/usr/include/x86_64-linux-gnu/bits/mathcalls-helper-functions.h
[E 19:16:46 7264] Already archived /home/daniel/workspace/thesis/fod4wind_db/src/usr/include/x86_64-linux-gnu/bits/mathcalls.h
[E 19:16:46 7264] Already archived /home/daniel/workspace/thesis/fod4wind_db/src/usr/include/x86_64-linux-gnu/bits/mathcalls-helper-functions.h
[E 19:16:46 7264] Already archived /home/daniel/workspace/thesis/fod4wind_db/src/usr/include/x86_64-linux-gnu/bits/mathcalls.h
[E 19:16:46 7264] Already archived /home/daniel/workspace/thesis/fod4wind_db/src/usr/include/x86_64-linux-gnu/bits/mathcalls.h
[E 19:16:46 7264] Already archived /home/daniel/workspace/thesis/fod4wind_db/src/usr/include/x86_64-linux-gnu/bits/mathcalls.h
[E 19:16:46 7264] Already archived /home/daniel/workspace/thesis/fod4wind_db/src/usr/include/x86_64-linux-gnu/bits/mathcalls-helper-functions.h
[E 19:16:46 7264] Already archived /home/daniel/workspace/thesis/fod4wind_db/src/usr/include/x86_64-linux-gnu/bits/mathcalls.h
[E 19:16:46 7264] Already archived /home/daniel/workspace/thesis/fod4wind_db/src/usr/include/x86_64-linux-gnu/bits/mathcalls.h
[E 19:16:46 7264] Already archived /home/daniel/workspace/thesis/fod4wind_db/src/usr/include/x86_64-linux-gnu/bits/mathcalls.h
[E 19:16:46 7264] Archiving /home/daniel/workspace/thesis/fod4wind_db/src/usr/include/x86_64-linux-gnu/bits/mathcalls-narrow.h
[E 19:16:46 7264] Already archived /home/daniel/workspace/thesis/fod4wind_db/src/usr/include/x86_64-linux-gnu/bits/mathcalls-narrow.h
[E 19:16:46 7264] Already archived /home/daniel/workspace/thesis/fod4wind_db/src/usr/include/x86_64-linux-gnu/bits/mathcalls-narrow.h
[E 19:16:46 7264] Already archived /home/daniel/workspace/thesis/fod4wind_db/src/usr/include/x86_64-linux-gnu/bits/mathcalls-narrow.h
[E 19:16:46 7264] Already archived /home/daniel/workspace/thesis/fod4wind_db/src/usr/include/x86_64-linux-gnu/bits/mathcalls-narrow.h
[E 19:16:46 7264] Already archived /home/daniel/workspace/thesis/fod4wind_db/src/usr/include/x86_64-linux-gnu/bits/mathcalls-narrow.h
[E 19:16:46 7264] Already archived /home/daniel/workspace/thesis/fod4wind_db/src/usr/include/x86_64-linux-gnu/bits/mathcalls-narrow.h
[E 19:16:46 7264] Already archived /home/daniel/workspace/thesis/fod4wind_db/src/usr/include/x86_64-linux-gnu/bits/mathcalls-narrow.h
[E 19:16:46 7264] Already archived /home/daniel/workspace/thesis/fod4wind_db/src/usr/include/x86_64-linux-gnu/bits/mathcalls-narrow.h
[E 19:16:46 7264] Already archived /home/daniel/workspace/thesis/fod4wind_db/src/usr/include/x86_64-linux-gnu/bits/mathcalls-narrow.h
[E 19:16:46 7264] Already archived /home/daniel/workspace/thesis/fod4wind_db/src/usr/include/x86_64-linux-gnu/bits/mathcalls-narrow.h
[E 19:16:46 7264] Already archived /home/daniel/workspace/thesis/fod4wind_db/src/usr/include/x86_64-linux-gnu/bits/mathcalls-narrow.h
[E 19:16:46 7264] Already archived /home/daniel/workspace/thesis/fod4wind_db/src/usr/include/x86_64-linux-gnu/bits/mathcalls-narrow.h
[E 19:16:46 7264] Archiving /home/daniel/workspace/thesis/fod4wind_db/src/usr/include/x86_64-linux-gnu/bits/iscanonical.h
[E 19:16:46 7264] Archiving /home/daniel/workspace/thesis/fod4wind_db/src/usr/include/c++/11/bits/specfun.h
[E 19:16:46 7264] Archiving /home/daniel/workspace/thesis/fod4wind_db/src/usr/include/c++/11/tr1/gamma.tcc
[E 19:16:46 7264] Archiving /home/daniel/workspace/thesis/fod4wind_db/src/usr/include/c++/11/tr1/special_function_util.h
[E 19:16:46 7264] Archiving /home/daniel/workspace/thesis/fod4wind_db/src/usr/include/c++/11/tr1/bessel_function.tcc
[E 19:16:46 7264] Archiving /home/daniel/workspace/thesis/fod4wind_db/src/usr/include/c++/11/tr1/beta_function.tcc
[E 19:16:46 7264] Archiving /home/daniel/workspace/thesis/fod4wind_db/src/usr/include/c++/11/tr1/ell_integral.tcc
[E 19:16:46 7264] Archiving /home/daniel/workspace/thesis/fod4wind_db/src/usr/include/c++/11/tr1/exp_integral.tcc
[E 19:16:46 7264] Archiving /home/daniel/workspace/thesis/fod4wind_db/src/usr/include/c++/11/tr1/hypergeometric.tcc
[E 19:16:46 7264] Archiving /home/daniel/workspace/thesis/fod4wind_db/src/usr/include/c++/11/tr1/legendre_function.tcc
[E 19:16:46 7264] Archiving /home/daniel/workspace/thesis/fod4wind_db/src/usr/include/c++/11/tr1/modified_bessel_func.tcc
[E 19:16:46 7264] Archiving /home/daniel/workspace/thesis/fod4wind_db/src/usr/include/c++/11/tr1/poly_hermite.tcc
[E 19:16:46 7264] Archiving /home/daniel/workspace/thesis/fod4wind_db/src/usr/include/c++/11/tr1/poly_laguerre.tcc
[E 19:16:46 7264] Archiving /home/daniel/workspace/thesis/fod4wind_db/src/usr/include/c++/11/tr1/riemann_zeta.tcc
[E 19:16:47 7264] Creating trap tarball /home/daniel/workspace/thesis/fod4wind_db/trap/cpp/tarballs/home/daniel/workspace/thesis/src/fod4wind_sdu-develop-sw-sdu-navigator/sw/sdu/navigator/src/navigator/DataStore.cpp.8243b6a4_0.trap.tar.zst
[E 19:16:47 7264] Emitting trap files for /home/daniel/workspace/thesis/src/fod4wind_sdu-develop-sw-sdu-navigator/sw/sdu/navigator/src/navigator/DataStore.cpp
[E 19:16:47 7264] Opening existencedb in /home/daniel/workspace/thesis/fod4wind_db/working/existencedb/db
[E 19:16:47 7264] Warning[extractor-c++]: In add_macro_expansion: Affecting macros went backwards: 588 > 0.
[E 19:16:47 7264] Warning[extractor-c++]: In add_macro_expansion: Affecting macros went backwards: 588 > 0.
[E 19:16:47 7264] Warning[extractor-c++]: In add_macro_expansion: Affecting macros went backwards: 643 > 0.
[E 19:16:47 7264] Warning[extractor-c++]: In add_macro_expansion: Affecting macros went backwards: 643 > 0.
[E 19:16:47 7264] Warning[extractor-c++]: In add_constructor_init: Unexpected dynamic init kind 7.
[E 19:16:47 7264] Warning[extractor-c++]: In add_constructor_init: Unexpected dynamic init kind 7.
[E 19:16:47 7264] Warning[extractor-c++]: In add_constructor_init: Unexpected dynamic init kind 7.
[E 19:16:47 7264] Warning[extractor-c++]: In add_constructor_init: Unexpected dynamic init kind 7.
[E 19:16:47 7264] Warning[extractor-c++]: In add_constructor_init: Unexpected dynamic init kind 3.
[E 19:16:47 7264] Warning[extractor-c++]: In add_constructor_init: Unexpected dynamic init kind 3.
[E 19:16:47 7264] Warning[extractor-c++]: In add_macro_expansion: Affecting macros went backwards: 9502 > 0.
[E 19:16:47 7264] Warning[extractor-c++]: In add_macro_expansion: Affecting macros went backwards: 9502 > 0.
[E 19:16:47 7264] Warning[extractor-c++]: In add_macro_expansion: Affecting macros went backwards: 11509 > 0.
[E 19:16:47 7264] Warning[extractor-c++]: In add_macro_expansion: Affecting macros went backwards: 11509 > 0.
[E 19:16:47 7264] Warning[extractor-c++]: In add_constructor_init: Unexpected dynamic init kind 6.
[E 19:16:47 7264] Warning[extractor-c++]: In add_macro_expansion_from_range: Seen source range with unknown start sequence but known end sequence 137365. Not recording macro expansions.
[E 19:16:47 7264] Warning[extractor-c++]: In add_macro_expansion_from_range: Seen source range with unknown start sequence but known end sequence 137414. Not recording macro expansions.
[E 19:16:47 7264] Warning[extractor-c++]: In get_lifetime_end_position: Unexpected scope with kind 2 while getting lifetime ID for kind 1.
[E 19:16:47 7264] Warning[extractor-c++]: In add_macro_expansion_from_range: Seen source range with unknown start sequence but known end sequence 137265. Not recording macro expansions.
[E 19:16:47 7264] Warning[extractor-c++]: In add_macro_expansion_from_range: Seen source range with unknown start sequence but known end sequence 137304. Not recording macro expansions.
[E 19:16:47 7264] Warning[extractor-c++]: In get_lifetime_end_position: Unexpected scope with kind 2 while getting lifetime ID for kind 1.
[E 19:16:47 7264] Warning[extractor-c++]: In add_macro_expansion_from_range: Seen source range with unknown start sequence but known end sequence 138387. Not recording macro expansions.
[E 19:16:47 7264] Warning[extractor-c++]: In get_lifetime_end_position: Unexpected scope with kind 2 while getting lifetime ID for kind 1.
[E 19:16:47 7264] Warning[extractor-c++]: In add_macro_expansion_from_range: Seen source range with unknown start sequence but known end sequence 138362. Not recording macro expansions.
[E 19:16:47 7264] Warning[extractor-c++]: In get_lifetime_end_position: Unexpected scope with kind 2 while getting lifetime ID for kind 1.
[E 19:16:47 7264] Warning[extractor-c++]: In add_macro_expansion_from_range: Seen source range with unknown start sequence but known end sequence 140999. Not recording macro expansions.
[E 19:16:47 7264] Warning[extractor-c++]: In get_lifetime_end_position: Unexpected scope with kind 2 while getting lifetime ID for kind 1.
[E 19:16:47 7264] Warning[extractor-c++]: In add_macro_expansion_from_range: Seen source range with unknown start sequence but known end sequence 140946. Not recording macro expansions.
[E 19:16:47 7264] Warning[extractor-c++]: In get_lifetime_end_position: Unexpected scope with kind 2 while getting lifetime ID for kind 1.
[E 19:16:47 7264] Warning[extractor-c++]: In add_macro_expansion: Affecting macros went backwards: 9836 > 0.
[E 19:16:47 7264] Warning[extractor-c++]: In add_macro_expansion: Affecting macros went backwards: 9836 > 0.
[E 19:16:47 7264] Warning[extractor-c++]: In add_macro_expansion: Affecting macros went backwards: 9836 > 0.
[E 19:16:47 7264] Warning[extractor-c++]: In add_macro_expansion: Affecting macros went backwards: 9836 > 0.
[E 19:16:47 7264] Warning[extractor-c++]: In add_macro_expansion: Affecting macros went backwards: 9836 > 0.
[E 19:16:47 7264] Warning[extractor-c++]: In add_macro_expansion: Affecting macros went backwards: 9836 > 0.
[E 19:16:47 7264] Warning[extractor-c++]: In add_macro_expansion: Affecting macros went backwards: 9320 > 0.
[E 19:16:47 7264] Warning[extractor-c++]: In add_macro_expansion: Affecting macros went backwards: 9320 > 0.
[E 19:16:47 7264] Warning[extractor-c++]: In add_macro_expansion: Affecting macros went backwards: 9320 > 0.
[E 19:16:47 7264] Warning[extractor-c++]: In add_macro_expansion: Affecting macros went backwards: 9320 > 0.
[E 19:16:47 7264] Warning[extractor-c++]: In add_macro_expansion: Affecting macros went backwards: 9320 > 0.
[E 19:16:47 7264] Warning[extractor-c++]: In add_macro_expansion: Affecting macros went backwards: 9320 > 0.
[E 19:16:48 7264] Warning[extractor-c++]: In add_macro_expansion: Affecting macros went backwards: 518 > 0.
[E 19:16:48 7264] Warning[extractor-c++]: In add_macro_expansion: Affecting macros went backwards: 518 > 0.
[E 19:16:48 7264] Warning[extractor-c++]: In add_macro_expansion: Affecting macros went backwards: 518 > 0.
[E 19:16:48 7264] Warning[extractor-c++]: In add_macro_expansion: Affecting macros went backwards: 518 > 0.
[E 19:16:48 7264] Warning[extractor-c++]: In add_macro_expansion: Affecting macros went backwards: 518 > 0.
[E 19:16:48 7264] Warning[extractor-c++]: In add_macro_expansion: Affecting macros went backwards: 518 > 0.
[E 19:16:48 7264] Warning[extractor-c++]: In add_macro_expansion: Affecting macros went backwards: 518 > 0.
[E 19:16:48 7264] Warning[extractor-c++]: In add_macro_expansion: Affecting macros went backwards: 518 > 0.
[E 19:16:48 7264] Warning[extractor-c++]: In add_macro_expansion: Affecting macros went backwards: 518 > 0.
[E 19:16:48 7264] Warning[extractor-c++]: In add_macro_expansion: Affecting macros went backwards: 518 > 0.
[E 19:16:48 7264] Warning[extractor-c++]: In add_macro_expansion: Affecting macros went backwards: 518 > 0.
[E 19:16:48 7264] Warning[extractor-c++]: In add_macro_expansion: Affecting macros went backwards: 518 > 0.
[E 19:16:48 7264] Warning[extractor-c++]: In add_macro_expansion: Affecting macros went backwards: 518 > 0.
[E 19:16:48 7264] Warning[extractor-c++]: In add_macro_expansion: Affecting macros went backwards: 518 > 0.
[E 19:16:48 7264] Warning[extractor-c++]: In add_macro_expansion: Affecting macros went backwards: 11509 > 0.
[E 19:16:48 7264] Wrote 11392 files to /home/daniel/workspace/thesis/fod4wind_db/trap/cpp/tarballs/home/daniel/workspace/thesis/src/fod4wind_sdu-develop-sw-sdu-navigator/sw/sdu/navigator/src/navigator/DataStore.cpp.8243b6a4_0.trap.tar.zst
[E 19:16:48 7264] Finished compilation TRAP /home/daniel/workspace/thesis/fod4wind_db/trap/cpp/compilations/29/57412040_0.trap.zst
[E 19:16:48 7264] Marking C compilation as happened.
[E 19:16:48 7264] Setting tag c-compilation-happened
[E 19:16:48 7264] Starting from CODEQL_TRACER_DB_ID 0000000000001C5A_0000000000000001
[E 19:16:48 7264] Locking DB /home/daniel/workspace/thesis/fod4wind_db/working/tags.db
[E 19:16:48 7264] Locked DB /home/daniel/workspace/thesis/fod4wind_db/working/tags.db
[E 19:16:48 7264] Set tag for 0000000000001C5A_0000000000000001
[E 19:16:48 7264] Set tag for 0000000000001C58_0000000000000001
[E 19:16:48 7264] Set tag for 0000000000001C53_0000000000000001
[E 19:16:48 7264] Set tag for 0000000000001C4F_0000000000000001
[E 19:16:48 7264] Set tag for 0000000000001C4C_0000000000000001
[E 19:16:48 7264] Set tag for 0000000000001C4A_0000000000000001
[E 19:16:48 7264] Set tag for 0000000000001C27_0000000000000003
[E 19:16:48 7264] Set tag for 0000000000001C27_0000000000000002
[E 19:16:48 7264] Set tag for root
[E 19:16:48 7264] Unlocking DB
[E 19:16:48 7264] Unlocked DB
[E 19:16:48 7264] Extractor exited successfully
